[2023-11-01T12:22:51.096] [DEBUG] auhtentication - Setting up listners for database connections cleanup if server terminated
[2023-11-01T12:22:51.963] [DEBUG] auhtentication - Authentication service started on port : 3000
[2023-11-01T12:22:52.110] [INFO] auhtentication - Connection to database: society has been established successfully.
[2023-11-01T12:33:59.728] [DEBUG] auhtentication - Request : GET /reset-password/5?token=d6ea2b0a080b0942fd845969660c7cd7c3d15980257beab87aff9cbcd0e3b2399df65efc0e0c92c2c940b6cdddf5c634255df9a9a884ab61b69e53a61d1fb5de9895dd0942542257c4dfcb7e2dd68dc3840ffc35f9430e08ad2cf5410020f412ca293dc47238c1f1c124a75bb6b9b333366bda794b9d54dc5dda5eded8399309
[2023-11-01T12:40:58.414] [DEBUG] auhtentication - Received signal: SIGINT
[2023-11-01T15:36:35.832] [DEBUG] auhtentication - Setting up listners for database connections cleanup if server terminated
[2023-11-01T15:36:35.989] [DEBUG] auhtentication - Authentication service started on port : 3000
[2023-11-01T15:36:36.032] [INFO] auhtentication - Connection to database: society has been established successfully.
[2023-11-01T15:36:52.920] [DEBUG] auhtentication - Request : POST /auth/admin/signin
[2023-11-01T15:36:53.036] [DEBUG] auhtentication - Validating your password
[2023-11-01T15:36:53.125] [DEBUG] auhtentication - Invalid Password
[2023-11-01T15:36:57.345] [DEBUG] auhtentication - Request : POST /auth/admin/signin
[2023-11-01T15:36:57.361] [DEBUG] auhtentication - Validating your password
[2023-11-01T15:36:57.441] [DEBUG] auhtentication - Your password is validated successfully
[2023-11-01T15:36:57.441] [DEBUG] auhtentication - Signin with firebase with userId: 9
[2023-11-01T15:36:58.376] [DEBUG] auhtentication - Signin successfully with firebase for userId: 9
[2023-11-01T15:36:58.379] [DEBUG] auhtentication - Updating the lastLoggedin time
[2023-11-01T15:36:58.399] [DEBUG] auhtentication - lastLoggedIn time is updated
[2023-11-01T15:36:58.399] [DEBUG] auhtentication - Commiting transactions to the database
[2023-11-01T15:36:58.411] [INFO] auhtentication - User loggedIn successfully
[2023-11-01T15:36:58.412] [INFO] auhtentication - signinResponse: {
  "accessToken": "eyJhbGciOiJSUzI1NiIsImtpZCI6IjBkMGU4NmJkNjQ3NDBjYWQyNDc1NjI4ZGEyZWM0OTZkZjUyYWRiNWQiLCJ0eXAiOiJKV1QifQ.eyJhZG1pbiI6dHJ1ZSwiaXNzIjoiaHR0cHM6Ly9zZWN1cmV0b2tlbi5nb29nbGUuY29tL3NvY2lldHltYW5hZ2VtZW50LTljY2ZmIiwiYXVkIjoic29jaWV0eW1hbmFnZW1lbnQtOWNjZmYiLCJhdXRoX3RpbWUiOjE2OTg4MzMyMTcsInVzZXJfaWQiOiI5Iiwic3ViIjoiOSIsImlhdCI6MTY5ODgzMzIxNywiZXhwIjoxNjk4ODM2ODE3LCJlbWFpbCI6InJpeWF6LnNAb3NwbGFicy5jb20iLCJlbWFpbF92ZXJpZmllZCI6ZmFsc2UsImZpcmViYXNlIjp7ImlkZW50aXRpZXMiOnsiZW1haWwiOlsicml5YXouc0Bvc3BsYWJzLmNvbSJdfSwic2lnbl9pbl9wcm92aWRlciI6InBhc3N3b3JkIn19.JGOnOHDSnWykBIy-0s7KvwyoTfWihEsEhhPOjsAIXQTEctS_U0NYf7tNteHmbhJuHsiu3eAVJn-6WaZ4wcdplZv2lp4odTt8iGbcmkHXl7DpYQN1bJoN0VmsII_AAVb4drjPXVLzz7woURMctACpjphWQEkbQbBAaEZPwnpW7kKn_eeD0A1QqQ8z44h2MLDuPi7vrjo5eOkrGp9evm6TgcKsekPGRn0GzWWE92OppQU3ir2cfSicZrirgbwlN85qx_VqG_X3NUx5fsv0uZfF-wGRi1HfilccyYmvelQQesYB7Kev125EWfU9w8qIh5pJ65eKtJH5bsjm89Uxnjc4Tg",
  "refreshToken": "AMf-vBxeOgOOKYWYO7cSRT6imNva3OdtPrC6hgedoLuw78BOBKLMFi5P4qDMmY01T2HtrJ9BRKP1KkzO3Gn5CX2SCev9y38SBz_OnstVDXhAZLouzltK_pPU5cC0gpcJNFzZdhxURf_c59qGOSpCxRzT5qFllclUlu1QEzKxe9wYMC6LYbe4jbDZ5XrKailLcqJHTUtl_dHL",
  "expiresIn": "16:36:58"
}
[2023-11-01T15:37:25.726] [DEBUG] auhtentication - Request : POST /auth/admin/forgot-password
[2023-11-01T15:37:25.743] [DEBUG] auhtentication - Creating email token
[2023-11-01T15:37:25.743] [DEBUG] auhtentication - Email token created successfully
[2023-11-01T15:37:25.743] [DEBUG] auhtentication - Saving email token
[2023-11-01T15:37:25.823] [DEBUG] auhtentication - Email token saved successfully
[2023-11-01T15:37:25.823] [DEBUG] auhtentication - Sending mail of forgot password
[2023-11-01T15:37:25.846] [DEBUG] auhtentication - Forgot password mail sent successfully
[2023-11-01T15:37:25.846] [DEBUG] auhtentication - Commiting transactions to database
[2023-11-01T15:37:29.166] [INFO] auhtentication - Email Sent250 2.0.0 OK  1698833249 iz11-20020a170902ef8b00b001c726147a46sm1031591plb.234 - gsmtp
[2023-11-01T15:38:27.674] [DEBUG] auhtentication - Request : GET /reset-password/9?token=398626be44417b94ad1ed6dd8637395b462fc15ed73333f84e2d09b003856835478fa226c77be4ffb7c5ffa6ce899dcc51504781c600d6dc7d1db7b96616491ac97ff31f694a1fd24753d3692aa05292cdd7601fff2af297c457ed98e4f042c6f616b50d6df1d9acc068d8b7194d823461d08caab46aa5b4c75b114ce5753c7e
[2023-11-01T15:38:58.588] [DEBUG] auhtentication - Request : POST /auth/admin/forgot-password
[2023-11-01T15:38:58.603] [DEBUG] auhtentication - Creating email token
[2023-11-01T15:38:58.603] [DEBUG] auhtentication - Email token created successfully
[2023-11-01T15:38:58.603] [DEBUG] auhtentication - Saving email token
[2023-11-01T15:38:58.624] [DEBUG] auhtentication - Email token saved successfully
[2023-11-01T15:38:58.624] [DEBUG] auhtentication - Sending mail of forgot password
[2023-11-01T15:38:58.625] [DEBUG] auhtentication - Forgot password mail sent successfully
[2023-11-01T15:38:58.625] [DEBUG] auhtentication - Commiting transactions to database
[2023-11-01T15:39:01.103] [INFO] auhtentication - Email Sent250 2.0.0 OK  1698833340 4-20020a170902e9c400b001c62d63b817sm1032996plk.179 - gsmtp
[2023-11-01T15:39:04.394] [DEBUG] auhtentication - Received signal: SIGINT
[2023-11-01T15:39:04.394] [DEBUG] auhtentication - Releasing database connections...
[2023-11-01T15:39:11.122] [DEBUG] auhtentication - Received signal: SIGINT
[2023-11-01T15:39:11.122] [DEBUG] auhtentication - Releasing database connections...
[2023-11-01T15:39:11.306] [DEBUG] auhtentication - Received signal: SIGINT
[2023-11-01T15:39:11.306] [DEBUG] auhtentication - Releasing database connections...
[2023-11-01T15:39:11.474] [DEBUG] auhtentication - Received signal: SIGINT
[2023-11-01T15:39:11.474] [DEBUG] auhtentication - Releasing database connections...
[2023-11-01T15:39:11.634] [DEBUG] auhtentication - Received signal: SIGINT
[2023-11-01T15:39:11.634] [DEBUG] auhtentication - Releasing database connections...
[2023-11-01T15:39:11.786] [DEBUG] auhtentication - Received signal: SIGINT
[2023-11-01T15:39:11.786] [DEBUG] auhtentication - Releasing database connections...
[2023-11-01T15:39:11.946] [DEBUG] auhtentication - Received signal: SIGINT
[2023-11-01T15:39:11.946] [DEBUG] auhtentication - Releasing database connections...
[2023-11-01T15:39:12.106] [DEBUG] auhtentication - Received signal: SIGINT
[2023-11-01T15:39:12.106] [DEBUG] auhtentication - Releasing database connections...
[2023-11-01T15:39:12.234] [DEBUG] auhtentication - Received signal: SIGINT
[2023-11-01T15:39:12.234] [DEBUG] auhtentication - Releasing database connections...
[2023-11-01T15:39:12.402] [DEBUG] auhtentication - Received signal: SIGINT
[2023-11-01T15:39:12.402] [DEBUG] auhtentication - Releasing database connections...
[2023-11-01T15:39:12.666] [DEBUG] auhtentication - Received signal: SIGINT
[2023-11-01T15:39:12.666] [DEBUG] auhtentication - Releasing database connections...
[2023-11-01T15:39:12.801] [DEBUG] auhtentication - Received signal: SIGINT
[2023-11-01T15:39:12.802] [DEBUG] auhtentication - Releasing database connections...
[2023-11-01T15:39:12.890] [DEBUG] auhtentication - Received signal: SIGINT
[2023-11-01T15:39:12.890] [DEBUG] auhtentication - Releasing database connections...
[2023-11-01T15:39:13.041] [DEBUG] auhtentication - Received signal: SIGINT
[2023-11-01T15:39:13.042] [DEBUG] auhtentication - Releasing database connections...
[2023-11-01T15:40:04.366] [DEBUG] auhtentication - Setting up listners for database connections cleanup if server terminated
[2023-11-01T15:40:04.516] [DEBUG] auhtentication - Authentication service started on port : 3000
[2023-11-01T15:40:04.554] [INFO] auhtentication - Connection to database: society has been established successfully.
[2023-11-01T15:40:07.937] [DEBUG] auhtentication - Request : POST /auth/admin/forgot-password
[2023-11-01T15:40:07.964] [DEBUG] auhtentication - Creating email token
[2023-11-01T15:40:07.964] [DEBUG] auhtentication - Email token created successfully
[2023-11-01T15:40:07.964] [DEBUG] auhtentication - Saving email token
[2023-11-01T15:40:08.062] [DEBUG] auhtentication - Email token saved successfully
[2023-11-01T15:40:08.062] [DEBUG] auhtentication - Sending mail of forgot password
[2023-11-01T15:40:08.067] [DEBUG] auhtentication - Forgot password mail sent successfully
[2023-11-01T15:40:08.067] [DEBUG] auhtentication - Commiting transactions to database
[2023-11-01T15:40:10.448] [INFO] auhtentication - Email Sent250 2.0.0 OK  1698833410 jh19-20020a170903329300b001c61df93afdsm1047871plb.59 - gsmtp
[2023-11-01T15:40:25.084] [DEBUG] auhtentication - Request : GET /reset-password/9?token=90805fc6497b2386d905910c8c80b608c11378a7dd733d69d30c88b2896d83b36175693c7d1ba04294f513f5ecfa210ea4398ad1573d895747a1aa6381d2df846fdad5aa071c955fc2089b94fb26c23cc77fae13144983343446592bad38e7ec69aeb497b08ca618aba4f748ed419b9e920e8a77be938f78d4a7ef5005cacb3d
[2023-11-01T15:40:48.337] [DEBUG] auhtentication - Request : POST /auth/admin/reset-password
[2023-11-01T15:40:48.355] [WARN] auhtentication - log4js:logger.log: valid log-level not found as first parameter given: userToken
[2023-11-01T15:40:48.356] [INFO] auhtentication - [userToken] UserForgotPassword {
  dataValues: {
    forgotPasswordId: 12,
    userId: 9,
    emailToken: '90805fc6497b2386d905910c8c80b608c11378a7dd733d69d30c88b2896d83b36175693c7d1ba04294f513f5ecfa210ea4398ad1573d895747a1aa6381d2df846fdad5aa071c955fc2089b94fb26c23cc77fae13144983343446592bad38e7ec69aeb497b08ca618aba4f748ed419b9e920e8a77be938f78d4a7ef5005cacb3d',
    expiryOn: 2023-11-01T10:20:07.965Z,
    isActive: true
  },
  _previousDataValues: {
    forgotPasswordId: 12,
    userId: 9,
    emailToken: '90805fc6497b2386d905910c8c80b608c11378a7dd733d69d30c88b2896d83b36175693c7d1ba04294f513f5ecfa210ea4398ad1573d895747a1aa6381d2df846fdad5aa071c955fc2089b94fb26c23cc77fae13144983343446592bad38e7ec69aeb497b08ca618aba4f748ed419b9e920e8a77be938f78d4a7ef5005cacb3d',
    expiryOn: 2023-11-01T10:20:07.965Z,
    isActive: true
  },
  uniqno: 1,
  _changed: Set(0) {},
  _options: {
    isNewRecord: false,
    _schema: 'public',
    _schemaDelimiter: '',
    raw: true,
    attributes: [
      'forgotPasswordId',
      'userId',
      'emailToken',
      'expiryOn',
      'isActive'
    ]
  },
  isNewRecord: false
}
[2023-11-01T15:40:48.361] [DEBUG] auhtentication - Using email token
[2023-11-01T15:40:48.385] [DEBUG] auhtentication - Email token used
[2023-11-01T15:40:48.385] [DEBUG] auhtentication - Updating updatedBy
[2023-11-01T15:40:48.393] [DEBUG] auhtentication - Updated successfully
[2023-11-01T15:40:48.394] [DEBUG] auhtentication - Encrypting your new password
[2023-11-01T15:40:48.469] [DEBUG] auhtentication - Your new password encrypted successfully
[2023-11-01T15:40:48.469] [DEBUG] auhtentication - Changing password in database for userId: 9
[2023-11-01T15:40:48.477] [INFO] auhtentication - rowsUpdated 1
[2023-11-01T15:40:48.477] [INFO] auhtentication - updatedUser: 1
[2023-11-01T15:40:48.478] [DEBUG] auhtentication - Password changed successfully in database for userId: 9
[2023-11-01T15:40:48.478] [DEBUG] auhtentication - Changing password in firebase for userId: 9
[2023-11-01T15:40:50.438] [DEBUG] auhtentication - Password changed successfully in firebase for userId: 9
[2023-11-01T15:40:50.439] [DEBUG] auhtentication - Updating updatedBy for userId: 9
[2023-11-01T15:40:50.452] [DEBUG] auhtentication - Updated updatedBy successfully for userId: 9
[2023-11-01T15:40:50.452] [INFO] auhtentication - Password reset successfully
[2023-11-01T15:45:14.284] [DEBUG] auhtentication - Received signal: SIGINT
[2023-11-01T15:45:14.284] [DEBUG] auhtentication - Releasing database connections...
[2023-11-01T15:45:19.211] [DEBUG] auhtentication - Received signal: SIGINT
[2023-11-01T15:45:19.212] [DEBUG] auhtentication - Releasing database connections...
[2023-11-01T15:45:19.403] [DEBUG] auhtentication - Received signal: SIGINT
[2023-11-01T15:45:19.403] [DEBUG] auhtentication - Releasing database connections...
[2023-11-01T15:45:19.564] [DEBUG] auhtentication - Received signal: SIGINT
[2023-11-01T15:45:19.564] [DEBUG] auhtentication - Releasing database connections...
[2023-11-01T15:45:19.707] [DEBUG] auhtentication - Received signal: SIGINT
[2023-11-01T15:45:19.708] [DEBUG] auhtentication - Releasing database connections...
[2023-11-01T15:45:19.859] [DEBUG] auhtentication - Received signal: SIGINT
[2023-11-01T15:45:19.860] [DEBUG] auhtentication - Releasing database connections...
[2023-11-01T15:45:20.003] [DEBUG] auhtentication - Received signal: SIGINT
[2023-11-01T15:45:20.003] [DEBUG] auhtentication - Releasing database connections...
[2023-11-01T15:45:20.139] [DEBUG] auhtentication - Received signal: SIGINT
[2023-11-01T15:45:20.140] [DEBUG] auhtentication - Releasing database connections...
[2023-11-01T15:45:20.275] [DEBUG] auhtentication - Received signal: SIGINT
[2023-11-01T15:45:20.275] [DEBUG] auhtentication - Releasing database connections...
[2023-11-01T15:45:20.395] [DEBUG] auhtentication - Received signal: SIGINT
[2023-11-01T15:45:20.395] [DEBUG] auhtentication - Releasing database connections...
[2023-11-01T15:45:20.507] [DEBUG] auhtentication - Received signal: SIGINT
[2023-11-01T15:45:20.508] [DEBUG] auhtentication - Releasing database connections...
[2023-11-01T15:45:20.619] [DEBUG] auhtentication - Received signal: SIGINT
[2023-11-01T15:45:20.620] [DEBUG] auhtentication - Releasing database connections...
[2023-11-01T15:45:20.771] [DEBUG] auhtentication - Received signal: SIGINT
[2023-11-01T15:45:20.772] [DEBUG] auhtentication - Releasing database connections...
[2023-11-01T15:47:10.782] [DEBUG] auhtentication - Setting up listners for database connections cleanup if server terminated
[2023-11-01T15:47:10.938] [DEBUG] auhtentication - Authentication service started on port : 3000
[2023-11-01T15:47:10.977] [INFO] auhtentication - Connection to database: society has been established successfully.
[2023-11-01T15:47:12.183] [DEBUG] auhtentication - Received signal: SIGINT
[2023-11-01T15:47:12.184] [DEBUG] auhtentication - Releasing database connections...
[2023-11-01T15:47:14.671] [DEBUG] auhtentication - Setting up listners for database connections cleanup if server terminated
[2023-11-01T15:47:14.829] [DEBUG] auhtentication - Authentication service started on port : 3000
[2023-11-01T15:47:14.867] [INFO] auhtentication - Connection to database: society has been established successfully.
[2023-11-01T17:04:40.209] [DEBUG] auhtentication - Received signal: SIGINT
[2023-11-01T17:05:50.367] [DEBUG] auhtentication - Setting up listners for database connections cleanup if server terminated
[2023-11-01T17:05:50.524] [DEBUG] auhtentication - Authentication service started on port : 3000
[2023-11-01T17:05:50.561] [INFO] auhtentication - Connection to database: society has been established successfully.
[2023-11-01T17:05:57.173] [DEBUG] auhtentication - Request : POST /auth/admin/forgot-password
[2023-11-01T17:05:57.202] [DEBUG] auhtentication - Creating email token
[2023-11-01T17:05:57.202] [DEBUG] auhtentication - Email token created successfully
[2023-11-01T17:05:57.202] [DEBUG] auhtentication - Saving email token
[2023-11-01T17:05:57.212] [DEBUG] auhtentication - Email token saved successfully
[2023-11-01T17:05:57.212] [DEBUG] auhtentication - Sending mail of forgot password
[2023-11-01T17:05:57.217] [DEBUG] auhtentication - Forgot password mail sent successfully
[2023-11-01T17:05:57.217] [DEBUG] auhtentication - Commiting transactions to database
[2023-11-01T17:06:00.549] [INFO] auhtentication - Email Sent250 2.0.0 OK  1698838560 jd17-20020a170903261100b001cc2f9fd74csm1181307plb.189 - gsmtp
[2023-11-01T17:06:14.148] [DEBUG] auhtentication - Request : GET /reset-password/9?token=d821cfc5ea49a272ddfb15ca327b35790dcc3c62e56509baacc4e9c8376bb95021966d9d1d05ef54c7c8e9b5424031ace01b22dc32f1e37680e4ad4b0f90a449f69bc15cd4ed132eb5e8e8153cb5d48dfc74a946b3ef77d7cb1f544440281bcf1cf42a5634cc5db0d28322417788c2b59bca6d31b98a00a378e8fc9b4759601d
[2023-11-01T17:06:41.831] [DEBUG] auhtentication - Request : POST /auth/admin/reset-password
[2023-11-01T17:06:41.848] [WARN] auhtentication - log4js:logger.log: valid log-level not found as first parameter given: userToken
[2023-11-01T17:06:41.849] [INFO] auhtentication - [userToken] UserForgotPassword {
  dataValues: {
    forgotPasswordId: 13,
    userId: 9,
    emailToken: 'd821cfc5ea49a272ddfb15ca327b35790dcc3c62e56509baacc4e9c8376bb95021966d9d1d05ef54c7c8e9b5424031ace01b22dc32f1e37680e4ad4b0f90a449f69bc15cd4ed132eb5e8e8153cb5d48dfc74a946b3ef77d7cb1f544440281bcf1cf42a5634cc5db0d28322417788c2b59bca6d31b98a00a378e8fc9b4759601d',
    expiryOn: 2023-11-01T11:45:57.203Z,
    isActive: true
  },
  _previousDataValues: {
    forgotPasswordId: 13,
    userId: 9,
    emailToken: 'd821cfc5ea49a272ddfb15ca327b35790dcc3c62e56509baacc4e9c8376bb95021966d9d1d05ef54c7c8e9b5424031ace01b22dc32f1e37680e4ad4b0f90a449f69bc15cd4ed132eb5e8e8153cb5d48dfc74a946b3ef77d7cb1f544440281bcf1cf42a5634cc5db0d28322417788c2b59bca6d31b98a00a378e8fc9b4759601d',
    expiryOn: 2023-11-01T11:45:57.203Z,
    isActive: true
  },
  uniqno: 1,
  _changed: Set(0) {},
  _options: {
    isNewRecord: false,
    _schema: 'public',
    _schemaDelimiter: '',
    raw: true,
    attributes: [
      'forgotPasswordId',
      'userId',
      'emailToken',
      'expiryOn',
      'isActive'
    ]
  },
  isNewRecord: false
}
[2023-11-01T17:06:41.854] [DEBUG] auhtentication - Using email token
[2023-11-01T17:06:41.881] [DEBUG] auhtentication - Email token used
[2023-11-01T17:06:41.881] [DEBUG] auhtentication - Updating updatedBy
[2023-11-01T17:06:41.889] [DEBUG] auhtentication - Updated successfully
[2023-11-01T17:06:41.889] [DEBUG] auhtentication - Encrypting your new password
[2023-11-01T17:06:41.966] [DEBUG] auhtentication - Your new password encrypted successfully
[2023-11-01T17:06:41.966] [DEBUG] auhtentication - Changing password in database for userId: 9
[2023-11-01T17:06:41.972] [INFO] auhtentication - rowsUpdated 1
[2023-11-01T17:06:41.973] [INFO] auhtentication - updatedUser: 1
[2023-11-01T17:06:41.973] [DEBUG] auhtentication - Password changed successfully in database for userId: 9
[2023-11-01T17:06:41.973] [DEBUG] auhtentication - Changing password in firebase for userId: 9
[2023-11-01T17:06:43.284] [DEBUG] auhtentication - Password changed successfully in firebase for userId: 9
[2023-11-01T17:06:43.284] [DEBUG] auhtentication - Updating updatedBy for userId: 9
[2023-11-01T17:06:43.297] [DEBUG] auhtentication - Updated updatedBy successfully for userId: 9
[2023-11-01T17:06:43.298] [INFO] auhtentication - Password reset successfully
[2023-11-01T17:11:46.072] [DEBUG] auhtentication - Received signal: SIGINT
[2023-11-01T17:11:46.072] [DEBUG] auhtentication - Releasing database connections...
[2023-11-01T17:12:05.255] [DEBUG] auhtentication - Received signal: SIGINT
[2023-11-01T17:12:05.255] [DEBUG] auhtentication - Releasing database connections...
[2023-11-01T17:14:31.867] [DEBUG] auhtentication - Setting up listners for database connections cleanup if server terminated
[2023-11-01T17:14:37.412] [DEBUG] auhtentication - Authentication service started on port : 3000
[2023-11-01T17:14:37.462] [INFO] auhtentication - Connection to database: society has been established successfully.
[2023-11-01T17:14:41.756] [DEBUG] auhtentication - Request : POST /auth/admin/otp/login
[2023-11-01T17:15:28.955] [DEBUG] auhtentication - Setting up listners for database connections cleanup if server terminated
[2023-11-01T17:15:29.210] [DEBUG] auhtentication - Authentication service started on port : 3000
[2023-11-01T17:15:29.256] [INFO] auhtentication - Connection to database: society has been established successfully.
[2023-11-01T17:15:31.517] [DEBUG] auhtentication - Request : POST /auth/admin/otp/login
[2023-11-01T17:16:33.996] [DEBUG] auhtentication - Setting up listners for database connections cleanup if server terminated
[2023-11-01T17:16:34.252] [DEBUG] auhtentication - Authentication service started on port : 3000
[2023-11-01T17:16:34.299] [INFO] auhtentication - Connection to database: society has been established successfully.
[2023-11-01T17:16:37.814] [DEBUG] auhtentication - Request : POST /auth/admin/otp/login
[2023-11-01T17:16:53.901] [DEBUG] auhtentication - Your verification code is: 2694.
[2023-11-01T17:16:55.974] [DEBUG] auhtentication - Saving otp in database
[2023-11-01T17:17:28.473] [DEBUG] auhtentication - Setting up listners for database connections cleanup if server terminated
[2023-11-01T17:17:28.731] [DEBUG] auhtentication - Authentication service started on port : 3000
[2023-11-01T17:17:28.775] [INFO] auhtentication - Connection to database: society has been established successfully.
[2023-11-01T17:17:31.796] [DEBUG] auhtentication - Request : POST /auth/admin/otp/login
[2023-11-01T17:17:49.883] [DEBUG] auhtentication - Your verification code is: 4968.
[2023-11-01T17:17:51.140] [DEBUG] auhtentication - Saving otp in database
[2023-11-01T17:18:00.940] [DEBUG] auhtentication - Sending otp on email riyaz.s@osplabs.com
[2023-11-01T17:18:11.044] [DEBUG] auhtentication - Commiting transactions to database
[2023-11-01T17:18:31.299] [INFO] auhtentication - Email Sent250 2.0.0 OK  1698839311 c6-20020a17090a020600b002804c91633dsm791708pjc.14 - gsmtp
[2023-11-01T17:19:28.964] [DEBUG] auhtentication - Setting up listners for database connections cleanup if server terminated
[2023-11-01T17:19:29.226] [DEBUG] auhtentication - Authentication service started on port : 3000
[2023-11-01T17:19:29.279] [INFO] auhtentication - Connection to database: society has been established successfully.
[2023-11-01T17:19:37.264] [DEBUG] auhtentication - Request : POST /auth/admin/otp/login
[2023-11-01T17:19:49.350] [DEBUG] auhtentication - Your verification code is: 4805.
[2023-11-01T17:19:50.319] [DEBUG] auhtentication - Saving otp in database
[2023-11-01T17:19:55.440] [DEBUG] auhtentication - Sending otp on email riyaz.s@osplabs.com
[2023-11-01T17:19:57.480] [DEBUG] auhtentication - Commiting transactions to database
[2023-11-01T17:20:01.981] [INFO] auhtentication - Email Sent250 2.0.0 OK  1698839401 f3-20020a170902e98300b001c9c8d761a3sm1204968plb.131 - gsmtp
[2023-11-01T18:27:49.461] [DEBUG] auhtentication - Setting up listners for database connections cleanup if server terminated
[2023-11-01T18:27:49.808] [DEBUG] auhtentication - Authentication service started on port : 3000
[2023-11-01T18:27:49.847] [INFO] auhtentication - Connection to database: society has been established successfully.
[2023-11-01T18:27:57.317] [DEBUG] auhtentication - Request : POST /auth/admin/otp/login
[2023-11-01T18:28:15.637] [DEBUG] auhtentication - Your verification code is: 1168.
[2023-11-01T18:28:17.000] [DEBUG] auhtentication - Saving otp in database
[2023-11-01T18:28:27.404] [DEBUG] auhtentication - Sending otp on email riyaz.s@osplabs.com
[2023-11-01T18:28:29.726] [DEBUG] auhtentication - Commiting transactions to database
[2023-11-01T18:28:49.247] [INFO] auhtentication - Email Sent250 2.0.0 OK  1698843529 i16-20020a170902c95000b001c62c9d7289sm1315585pla.104 - gsmtp
[2023-11-01T18:29:15.985] [DEBUG] auhtentication - Request : POST /auth/admin/signin
[2023-11-01T18:29:45.714] [DEBUG] auhtentication - Setting up listners for database connections cleanup if server terminated
[2023-11-01T18:29:46.014] [DEBUG] auhtentication - Authentication service started on port : 3000
[2023-11-01T18:29:46.056] [INFO] auhtentication - Connection to database: society has been established successfully.
[2023-11-01T18:29:48.183] [DEBUG] auhtentication - Request : POST /auth/admin/signin
[2023-11-01T18:31:38.067] [DEBUG] auhtentication - Setting up listners for database connections cleanup if server terminated
[2023-11-01T18:31:38.337] [DEBUG] auhtentication - Authentication service started on port : 3000
[2023-11-01T18:31:38.380] [INFO] auhtentication - Connection to database: society has been established successfully.
[2023-11-01T18:31:41.546] [DEBUG] auhtentication - Request : POST /auth/admin/signin
[2023-11-01T18:32:29.611] [DEBUG] auhtentication - Setting up listners for database connections cleanup if server terminated
[2023-11-01T18:32:29.880] [DEBUG] auhtentication - Authentication service started on port : 3000
[2023-11-01T18:32:29.924] [INFO] auhtentication - Connection to database: society has been established successfully.
[2023-11-01T18:32:32.368] [DEBUG] auhtentication - Request : POST /auth/admin/otp/login
[2023-11-01T18:32:45.332] [DEBUG] auhtentication - Your verification code is: 2071.
[2023-11-01T18:32:46.532] [DEBUG] auhtentication - Saving otp in database
[2023-11-01T18:32:53.189] [DEBUG] auhtentication - Sending otp on email riyaz.s@osplabs.com
[2023-11-01T18:32:54.598] [DEBUG] auhtentication - Commiting transactions to database
[2023-11-01T18:33:05.083] [INFO] auhtentication - Email Sent250 2.0.0 OK  1698843784 j1-20020a170902da8100b001cc50146b43sm1307558plx.202 - gsmtp
[2023-11-01T18:33:26.825] [DEBUG] auhtentication - Request : POST /auth/admin/signin
[2023-11-01T18:33:48.769] [INFO] auhtentication - Verifying Otp
[2023-11-01T18:34:08.766] [DEBUG] auhtentication - Setting up listners for database connections cleanup if server terminated
[2023-11-01T18:34:09.028] [DEBUG] auhtentication - Authentication service started on port : 3000
[2023-11-01T18:34:09.073] [INFO] auhtentication - Connection to database: society has been established successfully.
[2023-11-01T18:34:11.005] [DEBUG] auhtentication - Request : POST /auth/admin/signin
[2023-11-01T18:34:32.007] [INFO] auhtentication - Verifying Otp
[2023-11-01T18:45:24.780] [DEBUG] auhtentication - Setting up listners for database connections cleanup if server terminated
[2023-11-01T18:45:25.048] [DEBUG] auhtentication - Authentication service started on port : 3000
[2023-11-01T18:45:25.093] [INFO] auhtentication - Connection to database: society has been established successfully.
[2023-11-01T18:45:33.823] [DEBUG] auhtentication - Request : POST /auth/admin/otp/login
[2023-11-01T18:45:51.606] [DEBUG] auhtentication - Your verification code is: 9497.
[2023-11-01T18:45:52.254] [DEBUG] auhtentication - Saving otp in database
[2023-11-01T18:45:55.975] [DEBUG] auhtentication - Sending otp on email riyaz.s@osplabs.com
[2023-11-01T18:45:57.510] [DEBUG] auhtentication - Commiting transactions to database
[2023-11-01T18:46:01.684] [INFO] auhtentication - Email Sent250 2.0.0 OK  1698844561 ij6-20020a170902ab4600b001cc307bcdbdsm1361126plb.211 - gsmtp
[2023-11-01T18:46:24.569] [DEBUG] auhtentication - Request : POST /auth/admin/signin
[2023-11-01T18:46:50.750] [INFO] auhtentication - Verifying Otp
[2023-11-01T18:46:53.208] [INFO] auhtentication - Otp verified
[2023-11-01T18:46:55.039] [DEBUG] auhtentication - Validating your password
[2023-11-01T18:46:57.855] [DEBUG] auhtentication - Your password is validated successfully
[2023-11-01T18:47:01.054] [DEBUG] auhtentication - Signin with firebase with userId: 9
[2023-11-01T18:47:07.698] [DEBUG] auhtentication - Signin successfully with firebase for userId: 9
[2023-11-01T18:47:11.149] [DEBUG] auhtentication - Updating the lastLoggedin time
[2023-11-01T18:47:12.773] [DEBUG] auhtentication - lastLoggedIn time is updated
[2023-11-01T18:47:13.479] [DEBUG] auhtentication - Commiting transactions to the database
[2023-11-01T18:47:15.006] [INFO] auhtentication - User loggedIn successfully
[2023-11-01T18:47:16.438] [INFO] auhtentication - signinResponse: {
  "accessToken": "eyJhbGciOiJSUzI1NiIsImtpZCI6IjBkMGU4NmJkNjQ3NDBjYWQyNDc1NjI4ZGEyZWM0OTZkZjUyYWRiNWQiLCJ0eXAiOiJKV1QifQ.eyJhZG1pbiI6dHJ1ZSwiaXNzIjoiaHR0cHM6Ly9zZWN1cmV0b2tlbi5nb29nbGUuY29tL3NvY2lldHltYW5hZ2VtZW50LTljY2ZmIiwiYXVkIjoic29jaWV0eW1hbmFnZW1lbnQtOWNjZmYiLCJhdXRoX3RpbWUiOjE2OTg4NDQ2MjMsInVzZXJfaWQiOiI5Iiwic3ViIjoiOSIsImlhdCI6MTY5ODg0NDYyMywiZXhwIjoxNjk4ODQ4MjIzLCJlbWFpbCI6InJpeWF6LnNAb3NwbGFicy5jb20iLCJlbWFpbF92ZXJpZmllZCI6ZmFsc2UsImZpcmViYXNlIjp7ImlkZW50aXRpZXMiOnsiZW1haWwiOlsicml5YXouc0Bvc3BsYWJzLmNvbSJdfSwic2lnbl9pbl9wcm92aWRlciI6InBhc3N3b3JkIn19.VPDaFDP-sWLKaRrhmrlb3RHIL8D2fhVWHOGirYNLVOV4Xt6aGxSm9QagtRUFGja_WW1H6KjzgdAxuLxSrSXZ7YhkIGhajxqRd0LaOfGOaV092EvDDgh5-e2Q5kp1xbDfaOree9SBOWeoh9XYB2JGZs2F1vQO8xFYohQRQZG14ZCgpvAmYyUSBCSZc3taQNFJgl11CQET09-yzy20s4PcUfzYXmc23uOmCFhKfJXjxMT13b5I3Vifwn5xFnQeL8jEAhrqlcxRzt3mU19AoRjT7ZOTqxHXfVra-eMuj6Mmp104ijyIRwJDHv-JnlhgxNLoq-i-_O3XqNdSmq9YVhBhDg",
  "refreshToken": "AMf-vBzcwjvVsU3VfpiI_-DXz4cNz1mXHYf_MNBPcZDniWBY9n1D4rmFe937YBTWB-AKpe4S-eOfWwuFahDv7UIgw6GlyLf4zZM3m-7LjkoMJ7G-f9Ag-FSxH3uRVFB2I8dm1qOYsJ22c-wOmy0D6OLq-Jmd3-PYK9oFlkOJLRcu1WAdBtmk7znkpPGgQ_d4zWECsFZJa0zW",
  "expiresIn": "19:47:09"
}
[2023-11-01T18:48:09.291] [DEBUG] auhtentication - Setting up listners for database connections cleanup if server terminated
[2023-11-01T18:48:09.573] [DEBUG] auhtentication - Authentication service started on port : 3000
[2023-11-01T18:48:09.617] [INFO] auhtentication - Connection to database: society has been established successfully.
[2023-11-01T18:48:14.800] [DEBUG] auhtentication - Request : POST /protected/auth/admin/signout
[2023-11-01T18:48:16.598] [DEBUG] auhtentication - Validating claims
[2023-11-01T18:48:23.877] [WARN] auhtentication - log4js:logger.log: valid log-level not found as first parameter given: decodedToken
[2023-11-01T18:48:23.877] [INFO] auhtentication - [decodedToken] {
  admin: true,
  iss: 'https://securetoken.google.com/societymanagement-9ccff',
  aud: 'societymanagement-9ccff',
  auth_time: 1698844623,
  user_id: '9',
  sub: '9',
  iat: 1698844623,
  exp: 1698848223,
  email: 'riyaz.s@osplabs.com',
  email_verified: false,
  firebase: { identities: { email: [Array] }, sign_in_provider: 'password' },
  uid: '9'
}
[2023-11-01T18:48:37.629] [INFO] auhtentication - Claims validated successfully
[2023-11-01T18:48:39.774] [DEBUG] auhtentication - Revoking refresh tokens for userId: 9
[2023-11-01T18:48:44.026] [DEBUG] auhtentication - Refresh tokens revoked for userId: 9
[2023-11-01T18:48:44.026] [DEBUG] auhtentication - User Logged Out successfully
[2023-11-01T19:31:23.458] [DEBUG] auhtentication - Setting up listners for database connections cleanup if server terminated
[2023-11-01T19:31:23.610] [DEBUG] auhtentication - Authentication service started on port : 3000
[2023-11-01T19:31:23.649] [INFO] auhtentication - Connection to database: society has been established successfully.
[2023-11-01T19:31:55.382] [DEBUG] auhtentication - Request : POST /auth/user/signup
[2023-11-01T19:31:55.425] [DEBUG] auhtentication - User with email faiyazshaikh1904@gmail.com already registered
[2023-11-01T19:32:57.615] [DEBUG] auhtentication - Request : POST /auth/user/signup
[2023-11-01T19:33:02.495] [DEBUG] auhtentication - Request : POST /auth/user/signup
[2023-11-01T19:33:11.161] [DEBUG] auhtentication - Request : POST /auth/user/signup
[2023-11-01T19:33:11.173] [DEBUG] auhtentication - Encrypting your password
[2023-11-01T19:33:11.249] [DEBUG] auhtentication - Your password encrypted successfully
[2023-11-01T19:33:11.250] [DEBUG] auhtentication - Signup with database for email: shazaib@gmail.com
[2023-11-01T19:33:11.263] [DEBUG] auhtentication - Successfully signup in the database for email: shazaib@gmail.com
[2023-11-01T19:33:11.264] [DEBUG] auhtentication - Signup with firebase for userId: 10
[2023-11-01T19:33:13.171] [DEBUG] auhtentication - Successfully signup in firebase for userId: 10
[2023-11-01T19:33:13.171] [DEBUG] auhtentication - Committing transactions to the database
[2023-11-01T19:33:13.181] [DEBUG] auhtentication - Admin user created successfully
[2023-11-01T19:33:13.181] [DEBUG] auhtentication - signupResponse {
  "firstName": "Shazaib",
  "lastName": "Shaikh",
  "email": "shazaib@gmail.com",
  "mobile": "6541239870",
  "roomNumber": 102,
  "address": "Naya Nagar",
  "role": 4
}
[2023-11-01T19:35:40.016] [DEBUG] auhtentication - Request : POST /auth/user/signup
[2023-11-01T19:35:40.036] [DEBUG] auhtentication - Encrypting your password
[2023-11-01T19:35:40.112] [DEBUG] auhtentication - Your password encrypted successfully
[2023-11-01T19:35:40.113] [DEBUG] auhtentication - Signup with database for email: aniketd@yopmail.com
[2023-11-01T19:35:40.134] [ERROR] auhtentication - Error
    at Query.run (/home/riyaz.s@osp.local/Riyaz/Society/SocietyManagement/Authentication/node_modules/sequelize/lib/dialects/postgres/query.js:50:25)
    at /home/riyaz.s@osp.local/Riyaz/Society/SocietyManagement/Authentication/node_modules/sequelize/lib/sequelize.js:315:28
    at async PostgresQueryInterface.insert (/home/riyaz.s@osp.local/Riyaz/Society/SocietyManagement/Authentication/node_modules/sequelize/lib/dialects/abstract/query-interface.js:308:21)
    at async model.save (/home/riyaz.s@osp.local/Riyaz/Society/SocietyManagement/Authentication/node_modules/sequelize/lib/model.js:2490:35)
    at async User.create (/home/riyaz.s@osp.local/Riyaz/Society/SocietyManagement/Authentication/node_modules/sequelize/lib/model.js:1362:12)
    at async signUp (file:///home/riyaz.s@osp.local/Riyaz/Society/SocietyManagement/Authentication/models/helpers/index.js:26:18)
    at async SignUp (file:///home/riyaz.s@osp.local/Riyaz/Society/SocietyManagement/Authentication/controllers/user.js:21:22) {
  name: 'SequelizeForeignKeyConstraintError',
  parent: error: insert or update on table "User" violates foreign key constraint "User_roomNumber_fkey"
      at Parser.parseErrorMessage (/home/riyaz.s@osp.local/Riyaz/Society/SocietyManagement/Authentication/node_modules/pg-protocol/dist/parser.js:287:98)
      at Parser.handlePacket (/home/riyaz.s@osp.local/Riyaz/Society/SocietyManagement/Authentication/node_modules/pg-protocol/dist/parser.js:126:29)
      at Parser.parse (/home/riyaz.s@osp.local/Riyaz/Society/SocietyManagement/Authentication/node_modules/pg-protocol/dist/parser.js:39:38)
      at Socket.<anonymous> (/home/riyaz.s@osp.local/Riyaz/Society/SocietyManagement/Authentication/node_modules/pg-protocol/dist/index.js:11:42)
      at Socket.emit (node:events:513:28)
      at addChunk (node:internal/streams/readable:324:12)
      at readableAddChunk (node:internal/streams/readable:297:9)
      at Readable.push (node:internal/streams/readable:234:10)
      at TCP.onStreamRead (node:internal/stream_base_commons:190:23) {
    length: 249,
    severity: 'ERROR',
    code: '23503',
    detail: 'Key (roomNumber)=(501) is not present in table "Floor".',
    hint: undefined,
    position: undefined,
    internalPosition: undefined,
    internalQuery: undefined,
    where: undefined,
    schema: 'public',
    table: 'User',
    column: undefined,
    dataType: undefined,
    constraint: 'User_roomNumber_fkey',
    file: 'ri_triggers.c',
    line: '2608',
    routine: 'ri_ReportViolation',
    sql: 'INSERT INTO "public"."User" ("userId","createdOn","isDeleted","activationStatus","isAdmin","password","email","mobile","address","firstName","lastName","buildingWing","roomNumber","role") VALUES (DEFAULT,$1,$2,$3,$4,$5,$6,$7,$8,$9,$10,$11,$12,$13) RETURNING "userId","createdOn","updatedOn","updatedBy","isDeleted","deletedOn","deletedBy","lastLoggedInOn","activationStatus","activationStatusUpdatedOn","activationStatusUpdatedBy","isAdmin","password","email","mobile","address","firstName","lastName","buildingWing","roomNumber","role","verificationDocument";',
    parameters: [
      '2023-11-01 00:00:00.000 +00:00',
      false,
      true,
      false,
      '$2b$10$pVVdet3KmunEM8CM3SuNNui5Xk1hR10BPCRV6W7gLgriTx/MR8wre',
      'aniketd@yopmail.com',
      '6541239870',
      'Naya Nagar',
      'Aniket',
      'Dubey',
      'A',
      '501',
      '2'
    ]
  },
  original: error: insert or update on table "User" violates foreign key constraint "User_roomNumber_fkey"
      at Parser.parseErrorMessage (/home/riyaz.s@osp.local/Riyaz/Society/SocietyManagement/Authentication/node_modules/pg-protocol/dist/parser.js:287:98)
      at Parser.handlePacket (/home/riyaz.s@osp.local/Riyaz/Society/SocietyManagement/Authentication/node_modules/pg-protocol/dist/parser.js:126:29)
      at Parser.parse (/home/riyaz.s@osp.local/Riyaz/Society/SocietyManagement/Authentication/node_modules/pg-protocol/dist/parser.js:39:38)
      at Socket.<anonymous> (/home/riyaz.s@osp.local/Riyaz/Society/SocietyManagement/Authentication/node_modules/pg-protocol/dist/index.js:11:42)
      at Socket.emit (node:events:513:28)
      at addChunk (node:internal/streams/readable:324:12)
      at readableAddChunk (node:internal/streams/readable:297:9)
      at Readable.push (node:internal/streams/readable:234:10)
      at TCP.onStreamRead (node:internal/stream_base_commons:190:23) {
    length: 249,
    severity: 'ERROR',
    code: '23503',
    detail: 'Key (roomNumber)=(501) is not present in table "Floor".',
    hint: undefined,
    position: undefined,
    internalPosition: undefined,
    internalQuery: undefined,
    where: undefined,
    schema: 'public',
    table: 'User',
    column: undefined,
    dataType: undefined,
    constraint: 'User_roomNumber_fkey',
    file: 'ri_triggers.c',
    line: '2608',
    routine: 'ri_ReportViolation',
    sql: 'INSERT INTO "public"."User" ("userId","createdOn","isDeleted","activationStatus","isAdmin","password","email","mobile","address","firstName","lastName","buildingWing","roomNumber","role") VALUES (DEFAULT,$1,$2,$3,$4,$5,$6,$7,$8,$9,$10,$11,$12,$13) RETURNING "userId","createdOn","updatedOn","updatedBy","isDeleted","deletedOn","deletedBy","lastLoggedInOn","activationStatus","activationStatusUpdatedOn","activationStatusUpdatedBy","isAdmin","password","email","mobile","address","firstName","lastName","buildingWing","roomNumber","role","verificationDocument";',
    parameters: [
      '2023-11-01 00:00:00.000 +00:00',
      false,
      true,
      false,
      '$2b$10$pVVdet3KmunEM8CM3SuNNui5Xk1hR10BPCRV6W7gLgriTx/MR8wre',
      'aniketd@yopmail.com',
      '6541239870',
      'Naya Nagar',
      'Aniket',
      'Dubey',
      'A',
      '501',
      '2'
    ]
  },
  sql: 'INSERT INTO "public"."User" ("userId","createdOn","isDeleted","activationStatus","isAdmin","password","email","mobile","address","firstName","lastName","buildingWing","roomNumber","role") VALUES (DEFAULT,$1,$2,$3,$4,$5,$6,$7,$8,$9,$10,$11,$12,$13) RETURNING "userId","createdOn","updatedOn","updatedBy","isDeleted","deletedOn","deletedBy","lastLoggedInOn","activationStatus","activationStatusUpdatedOn","activationStatusUpdatedBy","isAdmin","password","email","mobile","address","firstName","lastName","buildingWing","roomNumber","role","verificationDocument";',
  parameters: [
    '2023-11-01 00:00:00.000 +00:00',
    false,
    true,
    false,
    '$2b$10$pVVdet3KmunEM8CM3SuNNui5Xk1hR10BPCRV6W7gLgriTx/MR8wre',
    'aniketd@yopmail.com',
    '6541239870',
    'Naya Nagar',
    'Aniket',
    'Dubey',
    'A',
    '501',
    '2'
  ],
  table: 'User',
  fields: null,
  value: undefined,
  index: 'User_roomNumber_fkey',
  reltype: undefined
}
[2023-11-01T19:35:40.136] [DEBUG] auhtentication - Rolling back any database transactions
[2023-11-01T19:36:22.176] [DEBUG] auhtentication - Request : POST /auth/user/signup
[2023-11-01T19:36:22.196] [DEBUG] auhtentication - Encrypting your password
[2023-11-01T19:36:22.270] [DEBUG] auhtentication - Your password encrypted successfully
[2023-11-01T19:36:22.271] [DEBUG] auhtentication - Signup with database for email: aniketd@yopmail.com
[2023-11-01T19:36:22.274] [ERROR] auhtentication - Error
    at Query.run (/home/riyaz.s@osp.local/Riyaz/Society/SocietyManagement/Authentication/node_modules/sequelize/lib/dialects/postgres/query.js:50:25)
    at /home/riyaz.s@osp.local/Riyaz/Society/SocietyManagement/Authentication/node_modules/sequelize/lib/sequelize.js:315:28
    at async PostgresQueryInterface.insert (/home/riyaz.s@osp.local/Riyaz/Society/SocietyManagement/Authentication/node_modules/sequelize/lib/dialects/abstract/query-interface.js:308:21)
    at async model.save (/home/riyaz.s@osp.local/Riyaz/Society/SocietyManagement/Authentication/node_modules/sequelize/lib/model.js:2490:35)
    at async User.create (/home/riyaz.s@osp.local/Riyaz/Society/SocietyManagement/Authentication/node_modules/sequelize/lib/model.js:1362:12)
    at async signUp (file:///home/riyaz.s@osp.local/Riyaz/Society/SocietyManagement/Authentication/models/helpers/index.js:26:18)
    at async SignUp (file:///home/riyaz.s@osp.local/Riyaz/Society/SocietyManagement/Authentication/controllers/user.js:21:22) {
  name: 'SequelizeForeignKeyConstraintError',
  parent: error: insert or update on table "User" violates foreign key constraint "User_roomNumber_fkey"
      at Parser.parseErrorMessage (/home/riyaz.s@osp.local/Riyaz/Society/SocietyManagement/Authentication/node_modules/pg-protocol/dist/parser.js:287:98)
      at Parser.handlePacket (/home/riyaz.s@osp.local/Riyaz/Society/SocietyManagement/Authentication/node_modules/pg-protocol/dist/parser.js:126:29)
      at Parser.parse (/home/riyaz.s@osp.local/Riyaz/Society/SocietyManagement/Authentication/node_modules/pg-protocol/dist/parser.js:39:38)
      at Socket.<anonymous> (/home/riyaz.s@osp.local/Riyaz/Society/SocietyManagement/Authentication/node_modules/pg-protocol/dist/index.js:11:42)
      at Socket.emit (node:events:513:28)
      at addChunk (node:internal/streams/readable:324:12)
      at readableAddChunk (node:internal/streams/readable:297:9)
      at Readable.push (node:internal/streams/readable:234:10)
      at TCP.onStreamRead (node:internal/stream_base_commons:190:23) {
    length: 249,
    severity: 'ERROR',
    code: '23503',
    detail: 'Key (roomNumber)=(502) is not present in table "Floor".',
    hint: undefined,
    position: undefined,
    internalPosition: undefined,
    internalQuery: undefined,
    where: undefined,
    schema: 'public',
    table: 'User',
    column: undefined,
    dataType: undefined,
    constraint: 'User_roomNumber_fkey',
    file: 'ri_triggers.c',
    line: '2608',
    routine: 'ri_ReportViolation',
    sql: 'INSERT INTO "public"."User" ("userId","createdOn","isDeleted","activationStatus","isAdmin","password","email","mobile","address","firstName","lastName","buildingWing","roomNumber","role") VALUES (DEFAULT,$1,$2,$3,$4,$5,$6,$7,$8,$9,$10,$11,$12,$13) RETURNING "userId","createdOn","updatedOn","updatedBy","isDeleted","deletedOn","deletedBy","lastLoggedInOn","activationStatus","activationStatusUpdatedOn","activationStatusUpdatedBy","isAdmin","password","email","mobile","address","firstName","lastName","buildingWing","roomNumber","role","verificationDocument";',
    parameters: [
      '2023-11-01 00:00:00.000 +00:00',
      false,
      true,
      false,
      '$2b$10$WVq9VgyYnh1uORtjKyFAF.0Ppk6HS3fNoLvlFu2hs3MZm2XdEvz4S',
      'aniketd@yopmail.com',
      '6541239870',
      'Naya Nagar',
      'Aniket',
      'Dubey',
      'A',
      '502',
      '2'
    ]
  },
  original: error: insert or update on table "User" violates foreign key constraint "User_roomNumber_fkey"
      at Parser.parseErrorMessage (/home/riyaz.s@osp.local/Riyaz/Society/SocietyManagement/Authentication/node_modules/pg-protocol/dist/parser.js:287:98)
      at Parser.handlePacket (/home/riyaz.s@osp.local/Riyaz/Society/SocietyManagement/Authentication/node_modules/pg-protocol/dist/parser.js:126:29)
      at Parser.parse (/home/riyaz.s@osp.local/Riyaz/Society/SocietyManagement/Authentication/node_modules/pg-protocol/dist/parser.js:39:38)
      at Socket.<anonymous> (/home/riyaz.s@osp.local/Riyaz/Society/SocietyManagement/Authentication/node_modules/pg-protocol/dist/index.js:11:42)
      at Socket.emit (node:events:513:28)
      at addChunk (node:internal/streams/readable:324:12)
      at readableAddChunk (node:internal/streams/readable:297:9)
      at Readable.push (node:internal/streams/readable:234:10)
      at TCP.onStreamRead (node:internal/stream_base_commons:190:23) {
    length: 249,
    severity: 'ERROR',
    code: '23503',
    detail: 'Key (roomNumber)=(502) is not present in table "Floor".',
    hint: undefined,
    position: undefined,
    internalPosition: undefined,
    internalQuery: undefined,
    where: undefined,
    schema: 'public',
    table: 'User',
    column: undefined,
    dataType: undefined,
    constraint: 'User_roomNumber_fkey',
    file: 'ri_triggers.c',
    line: '2608',
    routine: 'ri_ReportViolation',
    sql: 'INSERT INTO "public"."User" ("userId","createdOn","isDeleted","activationStatus","isAdmin","password","email","mobile","address","firstName","lastName","buildingWing","roomNumber","role") VALUES (DEFAULT,$1,$2,$3,$4,$5,$6,$7,$8,$9,$10,$11,$12,$13) RETURNING "userId","createdOn","updatedOn","updatedBy","isDeleted","deletedOn","deletedBy","lastLoggedInOn","activationStatus","activationStatusUpdatedOn","activationStatusUpdatedBy","isAdmin","password","email","mobile","address","firstName","lastName","buildingWing","roomNumber","role","verificationDocument";',
    parameters: [
      '2023-11-01 00:00:00.000 +00:00',
      false,
      true,
      false,
      '$2b$10$WVq9VgyYnh1uORtjKyFAF.0Ppk6HS3fNoLvlFu2hs3MZm2XdEvz4S',
      'aniketd@yopmail.com',
      '6541239870',
      'Naya Nagar',
      'Aniket',
      'Dubey',
      'A',
      '502',
      '2'
    ]
  },
  sql: 'INSERT INTO "public"."User" ("userId","createdOn","isDeleted","activationStatus","isAdmin","password","email","mobile","address","firstName","lastName","buildingWing","roomNumber","role") VALUES (DEFAULT,$1,$2,$3,$4,$5,$6,$7,$8,$9,$10,$11,$12,$13) RETURNING "userId","createdOn","updatedOn","updatedBy","isDeleted","deletedOn","deletedBy","lastLoggedInOn","activationStatus","activationStatusUpdatedOn","activationStatusUpdatedBy","isAdmin","password","email","mobile","address","firstName","lastName","buildingWing","roomNumber","role","verificationDocument";',
  parameters: [
    '2023-11-01 00:00:00.000 +00:00',
    false,
    true,
    false,
    '$2b$10$WVq9VgyYnh1uORtjKyFAF.0Ppk6HS3fNoLvlFu2hs3MZm2XdEvz4S',
    'aniketd@yopmail.com',
    '6541239870',
    'Naya Nagar',
    'Aniket',
    'Dubey',
    'A',
    '502',
    '2'
  ],
  table: 'User',
  fields: null,
  value: undefined,
  index: 'User_roomNumber_fkey',
  reltype: undefined
}
[2023-11-01T19:36:22.275] [DEBUG] auhtentication - Rolling back any database transactions
[2023-11-01T19:36:45.025] [DEBUG] auhtentication - Received signal: SIGINT
[2023-11-01T19:37:56.396] [DEBUG] auhtentication - Setting up listners for database connections cleanup if server terminated
[2023-11-01T19:37:56.679] [DEBUG] auhtentication - Authentication service started on port : 3000
[2023-11-01T19:37:56.726] [INFO] auhtentication - Connection to database: society has been established successfully.
[2023-11-01T19:38:10.147] [DEBUG] auhtentication - Request : POST /auth/user/signup
[2023-11-01T19:39:00.086] [DEBUG] auhtentication - Encrypting your password
[2023-11-01T19:39:03.607] [DEBUG] auhtentication - Your password encrypted successfully
[2023-11-01T19:39:05.471] [DEBUG] auhtentication - Signup with database for email: aniketd@yopmail.com
[2023-11-01T19:40:21.472] [DEBUG] auhtentication - Setting up listners for database connections cleanup if server terminated
[2023-11-01T19:40:21.874] [DEBUG] auhtentication - Authentication service started on port : 3000
[2023-11-01T19:40:21.937] [INFO] auhtentication - Connection to database: society has been established successfully.
[2023-11-01T19:40:23.369] [DEBUG] auhtentication - Request : POST /auth/user/signup
[2023-11-01T19:40:34.818] [DEBUG] auhtentication - Encrypting your password
[2023-11-01T19:40:36.878] [DEBUG] auhtentication - Your password encrypted successfully
[2023-11-01T19:40:37.667] [DEBUG] auhtentication - Signup with database for email: aniketdubey9768@gmail.com
[2023-11-01T19:41:22.364] [DEBUG] auhtentication - Setting up listners for database connections cleanup if server terminated
[2023-11-01T19:41:22.678] [DEBUG] auhtentication - Authentication service started on port : 3000
[2023-11-01T19:41:22.728] [INFO] auhtentication - Connection to database: society has been established successfully.
[2023-11-01T19:41:29.780] [DEBUG] auhtentication - Request : POST /auth/user/signup
[2023-11-01T19:41:37.195] [DEBUG] auhtentication - Encrypting your password
[2023-11-01T19:41:38.546] [DEBUG] auhtentication - Your password encrypted successfully
[2023-11-01T19:41:40.058] [DEBUG] auhtentication - Signup with database for email: aniketdubey9768@gmail.com
[2023-11-01T19:49:38.816] [DEBUG] auhtentication - Setting up listners for database connections cleanup if server terminated
[2023-11-01T19:49:39.164] [DEBUG] auhtentication - Authentication service started on port : 3000
[2023-11-01T19:49:39.203] [INFO] auhtentication - Connection to database: society has been established successfully.
[2023-11-01T19:49:47.901] [DEBUG] auhtentication - Request : POST /auth/user/signup
[2023-11-01T19:50:20.487] [DEBUG] auhtentication - Encrypting your password
[2023-11-01T19:50:24.335] [DEBUG] auhtentication - Your password encrypted successfully
[2023-11-01T19:50:26.663] [DEBUG] auhtentication - Signup with database for email: riyazshaikh7122001@gmail.com
[2023-11-01T19:51:19.995] [DEBUG] auhtentication - Setting up listners for database connections cleanup if server terminated
[2023-11-01T19:51:20.323] [DEBUG] auhtentication - Authentication service started on port : 3000
[2023-11-01T19:51:20.389] [INFO] auhtentication - Connection to database: society has been established successfully.
[2023-11-01T19:51:23.426] [DEBUG] auhtentication - Request : POST /auth/user/signup
[2023-11-01T19:51:32.796] [DEBUG] auhtentication - Encrypting your password
[2023-11-01T19:51:33.809] [DEBUG] auhtentication - Your password encrypted successfully
[2023-11-01T19:51:34.573] [DEBUG] auhtentication - Signup with database for email: riyazshaikh7122001@gmail.com
[2023-11-01T19:54:07.104] [DEBUG] auhtentication - Setting up listners for database connections cleanup if server terminated
[2023-11-01T19:54:07.389] [DEBUG] auhtentication - Authentication service started on port : 3000
[2023-11-01T19:54:07.444] [INFO] auhtentication - Connection to database: society has been established successfully.
[2023-11-01T19:54:08.597] [DEBUG] auhtentication - Request : POST /auth/user/signup
[2023-11-01T19:54:16.926] [DEBUG] auhtentication - Encrypting your password
[2023-11-01T19:54:18.599] [DEBUG] auhtentication - Your password encrypted successfully
[2023-11-01T19:54:19.671] [DEBUG] auhtentication - Signup with database for email: riyazshaikh7122001@gmail.com
[2023-11-01T19:58:54.127] [DEBUG] auhtentication - Setting up listners for database connections cleanup if server terminated
[2023-11-01T19:58:54.401] [DEBUG] auhtentication - Authentication service started on port : 3000
[2023-11-01T19:58:54.462] [INFO] auhtentication - Connection to database: society has been established successfully.
[2023-11-01T19:58:58.068] [DEBUG] auhtentication - Request : POST /auth/user/signup
[2023-11-01T19:59:07.108] [DEBUG] auhtentication - Encrypting your password
[2023-11-01T19:59:09.629] [DEBUG] auhtentication - Your password encrypted successfully
[2023-11-01T19:59:10.044] [DEBUG] auhtentication - Signup with database for email: riyazshaikh7122001@gmail.com
[2023-11-01T19:59:11.364] [ERROR] auhtentication - Error
    at Query.run (/home/riyaz.s@osp.local/Riyaz/Society/SocietyManagement/Authentication/node_modules/sequelize/lib/dialects/postgres/query.js:50:25)
    at /home/riyaz.s@osp.local/Riyaz/Society/SocietyManagement/Authentication/node_modules/sequelize/lib/sequelize.js:315:28
    at async PostgresQueryInterface.insert (/home/riyaz.s@osp.local/Riyaz/Society/SocietyManagement/Authentication/node_modules/sequelize/lib/dialects/abstract/query-interface.js:308:21)
    at async model.save (/home/riyaz.s@osp.local/Riyaz/Society/SocietyManagement/Authentication/node_modules/sequelize/lib/model.js:2490:35)
    at async User.create (/home/riyaz.s@osp.local/Riyaz/Society/SocietyManagement/Authentication/node_modules/sequelize/lib/model.js:1362:12)
    at async signUp (file:///home/riyaz.s@osp.local/Riyaz/Society/SocietyManagement/Authentication/models/helpers/index.js:26:18)
    at async SignUp (file:///home/riyaz.s@osp.local/Riyaz/Society/SocietyManagement/Authentication/controllers/user.js:21:22) {
  name: 'SequelizeForeignKeyConstraintError',
  parent: error: insert or update on table "User" violates foreign key constraint "User_roomNumber_fkey"
      at Parser.parseErrorMessage (/home/riyaz.s@osp.local/Riyaz/Society/SocietyManagement/Authentication/node_modules/pg-protocol/dist/parser.js:287:98)
      at Parser.handlePacket (/home/riyaz.s@osp.local/Riyaz/Society/SocietyManagement/Authentication/node_modules/pg-protocol/dist/parser.js:126:29)
      at Parser.parse (/home/riyaz.s@osp.local/Riyaz/Society/SocietyManagement/Authentication/node_modules/pg-protocol/dist/parser.js:39:38)
      at Socket.<anonymous> (/home/riyaz.s@osp.local/Riyaz/Society/SocietyManagement/Authentication/node_modules/pg-protocol/dist/index.js:11:42)
      at Socket.emit (node:events:513:28)
      at addChunk (node:internal/streams/readable:324:12)
      at readableAddChunk (node:internal/streams/readable:297:9)
      at Readable.push (node:internal/streams/readable:234:10)
      at TCP.onStreamRead (node:internal/stream_base_commons:190:23)
      at TCP.callbackTrampoline (node:internal/async_hooks:130:17) {
    length: 249,
    severity: 'ERROR',
    code: '23503',
    detail: 'Key (roomNumber)=(501) is not present in table "Floor".',
    hint: undefined,
    position: undefined,
    internalPosition: undefined,
    internalQuery: undefined,
    where: undefined,
    schema: 'public',
    table: 'User',
    column: undefined,
    dataType: undefined,
    constraint: 'User_roomNumber_fkey',
    file: 'ri_triggers.c',
    line: '2608',
    routine: 'ri_ReportViolation',
    sql: 'INSERT INTO "public"."User" ("userId","createdOn","isDeleted","activationStatus","isAdmin","password","email","mobile","address","firstName","lastName","buildingWing","roomNumber","role") VALUES (DEFAULT,$1,$2,$3,$4,$5,$6,$7,$8,$9,$10,$11,$12,$13) RETURNING "userId","createdOn","updatedOn","updatedBy","isDeleted","deletedOn","deletedBy","lastLoggedInOn","activationStatus","activationStatusUpdatedOn","activationStatusUpdatedBy","isAdmin","password","email","mobile","address","firstName","lastName","buildingWing","roomNumber","role","verificationDocument";',
    parameters: [
      '2023-11-01 00:00:00.000 +00:00',
      false,
      true,
      false,
      '$2b$10$jbU0G8YqGhNjZeIljoH1UO9PnldWV8m8uCJDHCyv9SVRsq.o00YrS',
      'riyazshaikh7122001@gmail.com',
      '6541239870',
      'Naya Nagar',
      'Riyaz',
      'Shaikh',
      'A',
      '501',
      '2'
    ]
  },
  original: error: insert or update on table "User" violates foreign key constraint "User_roomNumber_fkey"
      at Parser.parseErrorMessage (/home/riyaz.s@osp.local/Riyaz/Society/SocietyManagement/Authentication/node_modules/pg-protocol/dist/parser.js:287:98)
      at Parser.handlePacket (/home/riyaz.s@osp.local/Riyaz/Society/SocietyManagement/Authentication/node_modules/pg-protocol/dist/parser.js:126:29)
      at Parser.parse (/home/riyaz.s@osp.local/Riyaz/Society/SocietyManagement/Authentication/node_modules/pg-protocol/dist/parser.js:39:38)
      at Socket.<anonymous> (/home/riyaz.s@osp.local/Riyaz/Society/SocietyManagement/Authentication/node_modules/pg-protocol/dist/index.js:11:42)
      at Socket.emit (node:events:513:28)
      at addChunk (node:internal/streams/readable:324:12)
      at readableAddChunk (node:internal/streams/readable:297:9)
      at Readable.push (node:internal/streams/readable:234:10)
      at TCP.onStreamRead (node:internal/stream_base_commons:190:23)
      at TCP.callbackTrampoline (node:internal/async_hooks:130:17) {
    length: 249,
    severity: 'ERROR',
    code: '23503',
    detail: 'Key (roomNumber)=(501) is not present in table "Floor".',
    hint: undefined,
    position: undefined,
    internalPosition: undefined,
    internalQuery: undefined,
    where: undefined,
    schema: 'public',
    table: 'User',
    column: undefined,
    dataType: undefined,
    constraint: 'User_roomNumber_fkey',
    file: 'ri_triggers.c',
    line: '2608',
    routine: 'ri_ReportViolation',
    sql: 'INSERT INTO "public"."User" ("userId","createdOn","isDeleted","activationStatus","isAdmin","password","email","mobile","address","firstName","lastName","buildingWing","roomNumber","role") VALUES (DEFAULT,$1,$2,$3,$4,$5,$6,$7,$8,$9,$10,$11,$12,$13) RETURNING "userId","createdOn","updatedOn","updatedBy","isDeleted","deletedOn","deletedBy","lastLoggedInOn","activationStatus","activationStatusUpdatedOn","activationStatusUpdatedBy","isAdmin","password","email","mobile","address","firstName","lastName","buildingWing","roomNumber","role","verificationDocument";',
    parameters: [
      '2023-11-01 00:00:00.000 +00:00',
      false,
      true,
      false,
      '$2b$10$jbU0G8YqGhNjZeIljoH1UO9PnldWV8m8uCJDHCyv9SVRsq.o00YrS',
      'riyazshaikh7122001@gmail.com',
      '6541239870',
      'Naya Nagar',
      'Riyaz',
      'Shaikh',
      'A',
      '501',
      '2'
    ]
  },
  sql: 'INSERT INTO "public"."User" ("userId","createdOn","isDeleted","activationStatus","isAdmin","password","email","mobile","address","firstName","lastName","buildingWing","roomNumber","role") VALUES (DEFAULT,$1,$2,$3,$4,$5,$6,$7,$8,$9,$10,$11,$12,$13) RETURNING "userId","createdOn","updatedOn","updatedBy","isDeleted","deletedOn","deletedBy","lastLoggedInOn","activationStatus","activationStatusUpdatedOn","activationStatusUpdatedBy","isAdmin","password","email","mobile","address","firstName","lastName","buildingWing","roomNumber","role","verificationDocument";',
  parameters: [
    '2023-11-01 00:00:00.000 +00:00',
    false,
    true,
    false,
    '$2b$10$jbU0G8YqGhNjZeIljoH1UO9PnldWV8m8uCJDHCyv9SVRsq.o00YrS',
    'riyazshaikh7122001@gmail.com',
    '6541239870',
    'Naya Nagar',
    'Riyaz',
    'Shaikh',
    'A',
    '501',
    '2'
  ],
  table: 'User',
  fields: null,
  value: undefined,
  index: 'User_roomNumber_fkey',
  reltype: undefined
}
[2023-11-01T19:59:11.382] [DEBUG] auhtentication - Rolling back any database transactions
[2023-11-01T20:01:11.179] [DEBUG] auhtentication - Request : POST /auth/admin/signup
[2023-11-01T20:01:23.990] [DEBUG] auhtentication - Encrypting your password
[2023-11-01T20:01:25.199] [DEBUG] auhtentication - Your password encrypted successfully
[2023-11-01T20:01:25.920] [DEBUG] auhtentication - Signup with database for email: riyazshaikh7122001@gmail.com
[2023-11-01T20:01:27.228] [ERROR] auhtentication - Error
    at Query.run (/home/riyaz.s@osp.local/Riyaz/Society/SocietyManagement/Authentication/node_modules/sequelize/lib/dialects/postgres/query.js:50:25)
    at /home/riyaz.s@osp.local/Riyaz/Society/SocietyManagement/Authentication/node_modules/sequelize/lib/sequelize.js:315:28
    at async PostgresQueryInterface.insert (/home/riyaz.s@osp.local/Riyaz/Society/SocietyManagement/Authentication/node_modules/sequelize/lib/dialects/abstract/query-interface.js:308:21)
    at async model.save (/home/riyaz.s@osp.local/Riyaz/Society/SocietyManagement/Authentication/node_modules/sequelize/lib/model.js:2490:35)
    at async User.create (/home/riyaz.s@osp.local/Riyaz/Society/SocietyManagement/Authentication/node_modules/sequelize/lib/model.js:1362:12)
    at async signUp (file:///home/riyaz.s@osp.local/Riyaz/Society/SocietyManagement/Authentication/models/helpers/index.js:26:18)
    at async SignUp (file:///home/riyaz.s@osp.local/Riyaz/Society/SocietyManagement/Authentication/controllers/user.js:21:22) {
  name: 'SequelizeForeignKeyConstraintError',
  parent: error: insert or update on table "User" violates foreign key constraint "User_roomNumber_fkey"
      at Parser.parseErrorMessage (/home/riyaz.s@osp.local/Riyaz/Society/SocietyManagement/Authentication/node_modules/pg-protocol/dist/parser.js:287:98)
      at Parser.handlePacket (/home/riyaz.s@osp.local/Riyaz/Society/SocietyManagement/Authentication/node_modules/pg-protocol/dist/parser.js:126:29)
      at Parser.parse (/home/riyaz.s@osp.local/Riyaz/Society/SocietyManagement/Authentication/node_modules/pg-protocol/dist/parser.js:39:38)
      at Socket.<anonymous> (/home/riyaz.s@osp.local/Riyaz/Society/SocietyManagement/Authentication/node_modules/pg-protocol/dist/index.js:11:42)
      at Socket.emit (node:events:513:28)
      at addChunk (node:internal/streams/readable:324:12)
      at readableAddChunk (node:internal/streams/readable:297:9)
      at Readable.push (node:internal/streams/readable:234:10)
      at TCP.onStreamRead (node:internal/stream_base_commons:190:23)
      at TCP.callbackTrampoline (node:internal/async_hooks:130:17) {
    length: 249,
    severity: 'ERROR',
    code: '23503',
    detail: 'Key (roomNumber)=(501) is not present in table "Floor".',
    hint: undefined,
    position: undefined,
    internalPosition: undefined,
    internalQuery: undefined,
    where: undefined,
    schema: 'public',
    table: 'User',
    column: undefined,
    dataType: undefined,
    constraint: 'User_roomNumber_fkey',
    file: 'ri_triggers.c',
    line: '2608',
    routine: 'ri_ReportViolation',
    sql: 'INSERT INTO "public"."User" ("userId","createdOn","isDeleted","activationStatus","isAdmin","password","email","mobile","address","firstName","lastName","buildingWing","roomNumber","role") VALUES (DEFAULT,$1,$2,$3,$4,$5,$6,$7,$8,$9,$10,$11,$12,$13) RETURNING "userId","createdOn","updatedOn","updatedBy","isDeleted","deletedOn","deletedBy","lastLoggedInOn","activationStatus","activationStatusUpdatedOn","activationStatusUpdatedBy","isAdmin","password","email","mobile","address","firstName","lastName","buildingWing","roomNumber","role","verificationDocument";',
    parameters: [
      '2023-11-01 00:00:00.000 +00:00',
      false,
      true,
      false,
      '$2b$10$KO9dMkbKYfEhedcUHVtmn.iHEo3Jfd1TGgIIcKPq3TAbovRoEuZuC',
      'riyazshaikh7122001@gmail.com',
      '6325987410',
      'Naya Nagar',
      'Riyaz',
      'Shaikh',
      'A',
      '501',
      '1'
    ]
  },
  original: error: insert or update on table "User" violates foreign key constraint "User_roomNumber_fkey"
      at Parser.parseErrorMessage (/home/riyaz.s@osp.local/Riyaz/Society/SocietyManagement/Authentication/node_modules/pg-protocol/dist/parser.js:287:98)
      at Parser.handlePacket (/home/riyaz.s@osp.local/Riyaz/Society/SocietyManagement/Authentication/node_modules/pg-protocol/dist/parser.js:126:29)
      at Parser.parse (/home/riyaz.s@osp.local/Riyaz/Society/SocietyManagement/Authentication/node_modules/pg-protocol/dist/parser.js:39:38)
      at Socket.<anonymous> (/home/riyaz.s@osp.local/Riyaz/Society/SocietyManagement/Authentication/node_modules/pg-protocol/dist/index.js:11:42)
      at Socket.emit (node:events:513:28)
      at addChunk (node:internal/streams/readable:324:12)
      at readableAddChunk (node:internal/streams/readable:297:9)
      at Readable.push (node:internal/streams/readable:234:10)
      at TCP.onStreamRead (node:internal/stream_base_commons:190:23)
      at TCP.callbackTrampoline (node:internal/async_hooks:130:17) {
    length: 249,
    severity: 'ERROR',
    code: '23503',
    detail: 'Key (roomNumber)=(501) is not present in table "Floor".',
    hint: undefined,
    position: undefined,
    internalPosition: undefined,
    internalQuery: undefined,
    where: undefined,
    schema: 'public',
    table: 'User',
    column: undefined,
    dataType: undefined,
    constraint: 'User_roomNumber_fkey',
    file: 'ri_triggers.c',
    line: '2608',
    routine: 'ri_ReportViolation',
    sql: 'INSERT INTO "public"."User" ("userId","createdOn","isDeleted","activationStatus","isAdmin","password","email","mobile","address","firstName","lastName","buildingWing","roomNumber","role") VALUES (DEFAULT,$1,$2,$3,$4,$5,$6,$7,$8,$9,$10,$11,$12,$13) RETURNING "userId","createdOn","updatedOn","updatedBy","isDeleted","deletedOn","deletedBy","lastLoggedInOn","activationStatus","activationStatusUpdatedOn","activationStatusUpdatedBy","isAdmin","password","email","mobile","address","firstName","lastName","buildingWing","roomNumber","role","verificationDocument";',
    parameters: [
      '2023-11-01 00:00:00.000 +00:00',
      false,
      true,
      false,
      '$2b$10$KO9dMkbKYfEhedcUHVtmn.iHEo3Jfd1TGgIIcKPq3TAbovRoEuZuC',
      'riyazshaikh7122001@gmail.com',
      '6325987410',
      'Naya Nagar',
      'Riyaz',
      'Shaikh',
      'A',
      '501',
      '1'
    ]
  },
  sql: 'INSERT INTO "public"."User" ("userId","createdOn","isDeleted","activationStatus","isAdmin","password","email","mobile","address","firstName","lastName","buildingWing","roomNumber","role") VALUES (DEFAULT,$1,$2,$3,$4,$5,$6,$7,$8,$9,$10,$11,$12,$13) RETURNING "userId","createdOn","updatedOn","updatedBy","isDeleted","deletedOn","deletedBy","lastLoggedInOn","activationStatus","activationStatusUpdatedOn","activationStatusUpdatedBy","isAdmin","password","email","mobile","address","firstName","lastName","buildingWing","roomNumber","role","verificationDocument";',
  parameters: [
    '2023-11-01 00:00:00.000 +00:00',
    false,
    true,
    false,
    '$2b$10$KO9dMkbKYfEhedcUHVtmn.iHEo3Jfd1TGgIIcKPq3TAbovRoEuZuC',
    'riyazshaikh7122001@gmail.com',
    '6325987410',
    'Naya Nagar',
    'Riyaz',
    'Shaikh',
    'A',
    '501',
    '1'
  ],
  table: 'User',
  fields: null,
  value: undefined,
  index: 'User_roomNumber_fkey',
  reltype: undefined
}
[2023-11-01T20:01:27.230] [DEBUG] auhtentication - Rolling back any database transactions
[2023-11-01T20:02:41.728] [DEBUG] auhtentication - Setting up listners for database connections cleanup if server terminated
[2023-11-01T20:02:41.992] [DEBUG] auhtentication - Authentication service started on port : 3000
[2023-11-01T20:02:42.040] [INFO] auhtentication - Connection to database: society has been established successfully.
[2023-11-01T20:02:44.966] [DEBUG] auhtentication - Request : POST /auth/admin/signup
[2023-11-01T20:02:50.916] [DEBUG] auhtentication - Encrypting your password
[2023-11-01T20:02:52.197] [DEBUG] auhtentication - Your password encrypted successfully
[2023-11-01T20:02:53.004] [DEBUG] auhtentication - Signup with database for email: riyazshaikh7122001@gmail.com
[2023-11-01T20:02:54.565] [ERROR] auhtentication - Error
    at Query.run (/home/riyaz.s@osp.local/Riyaz/Society/SocietyManagement/Authentication/node_modules/sequelize/lib/dialects/postgres/query.js:50:25)
    at /home/riyaz.s@osp.local/Riyaz/Society/SocietyManagement/Authentication/node_modules/sequelize/lib/sequelize.js:315:28
    at async PostgresQueryInterface.insert (/home/riyaz.s@osp.local/Riyaz/Society/SocietyManagement/Authentication/node_modules/sequelize/lib/dialects/abstract/query-interface.js:308:21)
    at async model.save (/home/riyaz.s@osp.local/Riyaz/Society/SocietyManagement/Authentication/node_modules/sequelize/lib/model.js:2490:35)
    at async User.create (/home/riyaz.s@osp.local/Riyaz/Society/SocietyManagement/Authentication/node_modules/sequelize/lib/model.js:1362:12)
    at async signUp (file:///home/riyaz.s@osp.local/Riyaz/Society/SocietyManagement/Authentication/models/helpers/index.js:26:18)
    at async SignUp (file:///home/riyaz.s@osp.local/Riyaz/Society/SocietyManagement/Authentication/controllers/user.js:21:22) {
  name: 'SequelizeForeignKeyConstraintError',
  parent: error: insert or update on table "User" violates foreign key constraint "User_roomNumber_fkey"
      at Parser.parseErrorMessage (/home/riyaz.s@osp.local/Riyaz/Society/SocietyManagement/Authentication/node_modules/pg-protocol/dist/parser.js:287:98)
      at Parser.handlePacket (/home/riyaz.s@osp.local/Riyaz/Society/SocietyManagement/Authentication/node_modules/pg-protocol/dist/parser.js:126:29)
      at Parser.parse (/home/riyaz.s@osp.local/Riyaz/Society/SocietyManagement/Authentication/node_modules/pg-protocol/dist/parser.js:39:38)
      at Socket.<anonymous> (/home/riyaz.s@osp.local/Riyaz/Society/SocietyManagement/Authentication/node_modules/pg-protocol/dist/index.js:11:42)
      at Socket.emit (node:events:513:28)
      at addChunk (node:internal/streams/readable:324:12)
      at readableAddChunk (node:internal/streams/readable:297:9)
      at Readable.push (node:internal/streams/readable:234:10)
      at TCP.onStreamRead (node:internal/stream_base_commons:190:23)
      at TCP.callbackTrampoline (node:internal/async_hooks:130:17) {
    length: 249,
    severity: 'ERROR',
    code: '23503',
    detail: 'Key (roomNumber)=(501) is not present in table "Floor".',
    hint: undefined,
    position: undefined,
    internalPosition: undefined,
    internalQuery: undefined,
    where: undefined,
    schema: 'public',
    table: 'User',
    column: undefined,
    dataType: undefined,
    constraint: 'User_roomNumber_fkey',
    file: 'ri_triggers.c',
    line: '2608',
    routine: 'ri_ReportViolation',
    sql: 'INSERT INTO "public"."User" ("userId","createdOn","isDeleted","activationStatus","isAdmin","password","email","mobile","address","firstName","lastName","buildingWing","roomNumber","role") VALUES (DEFAULT,$1,$2,$3,$4,$5,$6,$7,$8,$9,$10,$11,$12,$13) RETURNING "userId","createdOn","updatedOn","updatedBy","isDeleted","deletedOn","deletedBy","lastLoggedInOn","activationStatus","activationStatusUpdatedOn","activationStatusUpdatedBy","isAdmin","password","email","mobile","address","firstName","lastName","buildingWing","roomNumber","role","verificationDocument";',
    parameters: [
      '2023-11-01 00:00:00.000 +00:00',
      false,
      true,
      false,
      '$2b$10$zpgkMdjvqIFAE/Hk7VVW1OUPHwDcDzV9QttKJetV8Wy7v4GQNFjQu',
      'riyazshaikh7122001@gmail.com',
      '6325987410',
      'Naya Nagar',
      'Riyaz',
      'Shaikh',
      'A',
      '501',
      '1'
    ]
  },
  original: error: insert or update on table "User" violates foreign key constraint "User_roomNumber_fkey"
      at Parser.parseErrorMessage (/home/riyaz.s@osp.local/Riyaz/Society/SocietyManagement/Authentication/node_modules/pg-protocol/dist/parser.js:287:98)
      at Parser.handlePacket (/home/riyaz.s@osp.local/Riyaz/Society/SocietyManagement/Authentication/node_modules/pg-protocol/dist/parser.js:126:29)
      at Parser.parse (/home/riyaz.s@osp.local/Riyaz/Society/SocietyManagement/Authentication/node_modules/pg-protocol/dist/parser.js:39:38)
      at Socket.<anonymous> (/home/riyaz.s@osp.local/Riyaz/Society/SocietyManagement/Authentication/node_modules/pg-protocol/dist/index.js:11:42)
      at Socket.emit (node:events:513:28)
      at addChunk (node:internal/streams/readable:324:12)
      at readableAddChunk (node:internal/streams/readable:297:9)
      at Readable.push (node:internal/streams/readable:234:10)
      at TCP.onStreamRead (node:internal/stream_base_commons:190:23)
      at TCP.callbackTrampoline (node:internal/async_hooks:130:17) {
    length: 249,
    severity: 'ERROR',
    code: '23503',
    detail: 'Key (roomNumber)=(501) is not present in table "Floor".',
    hint: undefined,
    position: undefined,
    internalPosition: undefined,
    internalQuery: undefined,
    where: undefined,
    schema: 'public',
    table: 'User',
    column: undefined,
    dataType: undefined,
    constraint: 'User_roomNumber_fkey',
    file: 'ri_triggers.c',
    line: '2608',
    routine: 'ri_ReportViolation',
    sql: 'INSERT INTO "public"."User" ("userId","createdOn","isDeleted","activationStatus","isAdmin","password","email","mobile","address","firstName","lastName","buildingWing","roomNumber","role") VALUES (DEFAULT,$1,$2,$3,$4,$5,$6,$7,$8,$9,$10,$11,$12,$13) RETURNING "userId","createdOn","updatedOn","updatedBy","isDeleted","deletedOn","deletedBy","lastLoggedInOn","activationStatus","activationStatusUpdatedOn","activationStatusUpdatedBy","isAdmin","password","email","mobile","address","firstName","lastName","buildingWing","roomNumber","role","verificationDocument";',
    parameters: [
      '2023-11-01 00:00:00.000 +00:00',
      false,
      true,
      false,
      '$2b$10$zpgkMdjvqIFAE/Hk7VVW1OUPHwDcDzV9QttKJetV8Wy7v4GQNFjQu',
      'riyazshaikh7122001@gmail.com',
      '6325987410',
      'Naya Nagar',
      'Riyaz',
      'Shaikh',
      'A',
      '501',
      '1'
    ]
  },
  sql: 'INSERT INTO "public"."User" ("userId","createdOn","isDeleted","activationStatus","isAdmin","password","email","mobile","address","firstName","lastName","buildingWing","roomNumber","role") VALUES (DEFAULT,$1,$2,$3,$4,$5,$6,$7,$8,$9,$10,$11,$12,$13) RETURNING "userId","createdOn","updatedOn","updatedBy","isDeleted","deletedOn","deletedBy","lastLoggedInOn","activationStatus","activationStatusUpdatedOn","activationStatusUpdatedBy","isAdmin","password","email","mobile","address","firstName","lastName","buildingWing","roomNumber","role","verificationDocument";',
  parameters: [
    '2023-11-01 00:00:00.000 +00:00',
    false,
    true,
    false,
    '$2b$10$zpgkMdjvqIFAE/Hk7VVW1OUPHwDcDzV9QttKJetV8Wy7v4GQNFjQu',
    'riyazshaikh7122001@gmail.com',
    '6325987410',
    'Naya Nagar',
    'Riyaz',
    'Shaikh',
    'A',
    '501',
    '1'
  ],
  table: 'User',
  fields: null,
  value: undefined,
  index: 'User_roomNumber_fkey',
  reltype: undefined
}
[2023-11-01T20:02:54.568] [DEBUG] auhtentication - Rolling back any database transactions
[2023-11-01T20:07:25.517] [DEBUG] auhtentication - Setting up listners for database connections cleanup if server terminated
[2023-11-01T20:07:25.671] [DEBUG] auhtentication - Authentication service started on port : 3000
[2023-11-01T20:07:25.704] [INFO] auhtentication - Connection to database: society has been established successfully.
[2023-11-01T20:07:38.617] [DEBUG] auhtentication - Request : POST /auth/admin/signin
[2023-11-01T20:07:38.661] [INFO] auhtentication - Verifying Otp
[2023-11-01T20:07:38.672] [INFO] auhtentication - Otp verified
[2023-11-01T20:07:38.673] [DEBUG] auhtentication - Validating your password
[2023-11-01T20:07:38.744] [DEBUG] auhtentication - Your password is validated successfully
[2023-11-01T20:07:38.745] [DEBUG] auhtentication - Signin with firebase with userId: 9
[2023-11-01T20:07:39.705] [DEBUG] auhtentication - Signin successfully with firebase for userId: 9
[2023-11-01T20:07:39.708] [DEBUG] auhtentication - Updating the lastLoggedin time
[2023-11-01T20:07:39.755] [DEBUG] auhtentication - lastLoggedIn time is updated
[2023-11-01T20:07:39.755] [DEBUG] auhtentication - Commiting transactions to the database
[2023-11-01T20:07:39.756] [INFO] auhtentication - User loggedIn successfully
[2023-11-01T20:07:39.756] [INFO] auhtentication - signinResponse: {
  "accessToken": "eyJhbGciOiJSUzI1NiIsImtpZCI6IjBkMGU4NmJkNjQ3NDBjYWQyNDc1NjI4ZGEyZWM0OTZkZjUyYWRiNWQiLCJ0eXAiOiJKV1QifQ.eyJhZG1pbiI6dHJ1ZSwiaXNzIjoiaHR0cHM6Ly9zZWN1cmV0b2tlbi5nb29nbGUuY29tL3NvY2lldHltYW5hZ2VtZW50LTljY2ZmIiwiYXVkIjoic29jaWV0eW1hbmFnZW1lbnQtOWNjZmYiLCJhdXRoX3RpbWUiOjE2OTg4NDk0NTksInVzZXJfaWQiOiI5Iiwic3ViIjoiOSIsImlhdCI6MTY5ODg0OTQ1OSwiZXhwIjoxNjk4ODUzMDU5LCJlbWFpbCI6InJpeWF6LnNAb3NwbGFicy5jb20iLCJlbWFpbF92ZXJpZmllZCI6ZmFsc2UsImZpcmViYXNlIjp7ImlkZW50aXRpZXMiOnsiZW1haWwiOlsicml5YXouc0Bvc3BsYWJzLmNvbSJdfSwic2lnbl9pbl9wcm92aWRlciI6InBhc3N3b3JkIn19.RIuAvajPjqfJr04Ixxik6jtRcX2Zdnilo40ZfqPh7ptPcA9jXHONDFAgJh_omNyAwWV3O_jluxbIUWuyfDTUBALL_eE8hMzqeuut3KE-Jj5Hw7ktaYi9OfREcrJa4kDaSaN1hqTELMdW3UrD-Ed8gN06WrG6kZuFzKRaEaw_LIn3VUtdD_54evj4QTh9vfdHEkWe9NN2WgZZtKdgmz5f04k89JRBji872q7sndCr9JHAuuMP6aGBYR_53gX-fDKEcepghGQ7AybttTb4fWxL0l4T0MYDyCNsxYFTnkzGfD-DVwIRbTuKgwDF7bup7eO9nDo54j2pQ_6lDvKjO4h5eQ",
  "refreshToken": "AMf-vBwGa2CO5753gAC6SOX29TNxbvyOCjX61wuF7EG8w38bnYeBZ2H_fmZ5YWiKS95e1fFC-eH3-ckNRq91arb5_C388_OCUVMDTRfBvwGmxT8g4MXb-A4QNzgvt4wsbIM5rmtjFctajtLgNBMhdKDfQbgmvtkag01iTIhuGKtdQenc82O8l3kbl8a3dMQC8_KtR2AGNZ7C",
  "expiresIn": "21:07:39"
}
[2023-11-01T20:07:49.358] [DEBUG] auhtentication - Request : POST /auth/admin/otp/login
[2023-11-01T20:09:27.898] [DEBUG] auhtentication - Request : POST /auth/admin/otp/login
[2023-11-01T20:10:19.297] [DEBUG] auhtentication - Request : POST /auth/admin/otp/login
[2023-11-01T20:11:35.383] [DEBUG] auhtentication - Received signal: SIGINT
[2023-11-01T20:11:39.796] [DEBUG] auhtentication - Setting up listners for database connections cleanup if server terminated
[2023-11-01T20:11:40.161] [DEBUG] auhtentication - Authentication service started on port : 3000
[2023-11-01T20:11:40.202] [INFO] auhtentication - Connection to database: society has been established successfully.
[2023-11-01T20:11:43.341] [DEBUG] auhtentication - Request : POST /auth/admin/otp/login
[2023-11-01T20:11:56.071] [DEBUG] auhtentication - Your verification code is: 3602.
[2023-11-01T20:11:56.528] [DEBUG] auhtentication - Saving otp in database
[2023-11-01T20:11:59.704] [DEBUG] auhtentication - Sending otp on email riyaz.s@osplabs.com
[2023-11-01T20:12:00.641] [DEBUG] auhtentication - Commiting transactions to database
[2023-11-01T20:12:05.554] [INFO] auhtentication - Email Sent250 2.0.0 OK  1698849725 f23-20020a17090ac29700b002775281b9easm947863pjt.50 - gsmtp
[2023-11-01T20:12:37.886] [DEBUG] auhtentication - Request : POST /auth/admin/signin
[2023-11-01T20:12:43.350] [INFO] auhtentication - Verifying Otp
[2023-11-01T20:12:44.735] [INFO] auhtentication - Otp verified
[2023-11-01T20:12:45.759] [DEBUG] auhtentication - Validating your password
[2023-11-01T20:12:47.670] [DEBUG] auhtentication - Your password is validated successfully
[2023-11-01T20:12:48.950] [DEBUG] auhtentication - Signin with firebase with userId: 9
[2023-11-01T20:13:07.526] [DEBUG] auhtentication - Signin successfully with firebase for userId: 9
[2023-11-01T20:13:08.054] [DEBUG] auhtentication - Updating the lastLoggedin time
[2023-11-01T20:13:09.717] [DEBUG] auhtentication - lastLoggedIn time is updated
[2023-11-01T20:13:10.229] [DEBUG] auhtentication - Commiting transactions to the database
[2023-11-01T20:13:10.231] [INFO] auhtentication - User loggedIn successfully
[2023-11-01T20:13:10.637] [INFO] auhtentication - signinResponse: {
  "accessToken": "eyJhbGciOiJSUzI1NiIsImtpZCI6IjBkMGU4NmJkNjQ3NDBjYWQyNDc1NjI4ZGEyZWM0OTZkZjUyYWRiNWQiLCJ0eXAiOiJKV1QifQ.eyJhZG1pbiI6dHJ1ZSwiaXNzIjoiaHR0cHM6Ly9zZWN1cmV0b2tlbi5nb29nbGUuY29tL3NvY2lldHltYW5hZ2VtZW50LTljY2ZmIiwiYXVkIjoic29jaWV0eW1hbmFnZW1lbnQtOWNjZmYiLCJhdXRoX3RpbWUiOjE2OTg4NDk3NzAsInVzZXJfaWQiOiI5Iiwic3ViIjoiOSIsImlhdCI6MTY5ODg0OTc3MCwiZXhwIjoxNjk4ODUzMzcwLCJlbWFpbCI6InJpeWF6LnNAb3NwbGFicy5jb20iLCJlbWFpbF92ZXJpZmllZCI6ZmFsc2UsImZpcmViYXNlIjp7ImlkZW50aXRpZXMiOnsiZW1haWwiOlsicml5YXouc0Bvc3BsYWJzLmNvbSJdfSwic2lnbl9pbl9wcm92aWRlciI6InBhc3N3b3JkIn19.WGxsUKiuaZgKJmMbAKGakLiC4-z6nNSrcykHZqQWlK35b2QNES0QxNKlCq3bR5TOG4_LVnf3MIR0qbIbzlTJx9rLZO1iuk4h4D53TeIcXnylAVEi8ONp5nX4IXQZFDAH-7u3CX-7ctTrvD9ODavuBk2DYstRhjBhyp-21kUstbUVnENqjgsf1YpXBJXA-CCQI7egdp4QlcPmkViOhZeu1Z-LyDIiWo3vCHg3Y3zNj7_EGypcUXU4JHxgxhueYrBCsVI0aeWLoCGZjsgVAQ6qSEOdTP9z6gPcC3mlheON_51nupMvo_uPkJFvMEGKrEiXim4vLsXkIssL9l8mIYKhSQ",
  "refreshToken": "AMf-vBweYOeuq2zbicvRJO2z4sN08fqmBhc4kKf2KDmi9hzxPNVgF0aLPtXUeiatQsgDVgbk006AdJxrBsHvtB2RKE5aK96jXlJeKVcHwQHgrj0XQNWJWu-Og8tQEf37RiFyC1u34vrihj6b14pCNHUgNjII0Drts89IfzJx91mrPddbfwikpw46PO3lXM79_rlX4xk_1Egy",
  "expiresIn": "21:13:07"
}
