3 Nov 2023 6:5:19 PM -- debug -- Setting up listners for database connections cleanup if server terminated
3 Nov 2023 6:5:19 PM -- debug -- Authentication service started on port : 3000
3 Nov 2023 6:5 PM -- error -- Unable to connect to database: society - TypeError: logger.log is not a function
3 Nov 2023 6:6:29 PM -- debug -- Received signal: SIGINT
3 Nov 2023 6:6:30 PM -- debug -- Setting up listners for database connections cleanup if server terminated
3 Nov 2023 6:6:31 PM -- debug -- Authentication service started on port : 3000
3 Nov 2023 6:32:41 PM -- debug -- Request : POST /auth/user/signup
3 Nov 2023 6:32 PM -- error -- relation "public.User" does not exist
3 Nov 2023 6:32:41 PM -- debug -- Error in ValidateEmail
3 Nov 2023 6:34:58 PM -- debug -- Received signal: SIGINT
3 Nov 2023 7:37:56 PM -- debug -- Setting up listners for database connections cleanup if server terminated
3 Nov 2023 7:37:56 PM -- debug -- Authentication service started on port : 3000
3 Nov 2023 7:41:49 PM -- debug -- Request : POST /auth/user/signup
3 Nov 2023 7:41:54 PM -- debug -- Received signal: SIGINT
3 Nov 2023 7:41:55 PM -- debug -- Setting up listners for database connections cleanup if server terminated
3 Nov 2023 7:41:55 PM -- debug -- Authentication service started on port : 3000
3 Nov 2023 7:41:58 PM -- debug -- Request : POST /auth/user/signup
3 Nov 2023 7:41 PM -- error -- column "nan" does not exist
3 Nov 2023 7:41:58 PM -- debug -- Error in validateRoomNumber
3 Nov 2023 7:43:8 PM -- debug -- Received signal: SIGINT
3 Nov 2023 7:43:9 PM -- debug -- Setting up listners for database connections cleanup if server terminated
3 Nov 2023 7:43:9 PM -- debug -- Authentication service started on port : 3000
3 Nov 2023 7:43:12 PM -- debug -- Request : POST /auth/user/signup
3 Nov 2023 7:43:12 PM -- debug -- Encrypting your password
3 Nov 2023 7:43:12 PM -- debug -- Your password encrypted successfully
3 Nov 2023 7:43:12 PM -- debug -- Signup with database for email: riyazshaikh7122001@gmail.com
3 Nov 2023 7:43:12 PM -- debug -- Successfully signup in the database for email: riyazshaikh7122001@gmail.com
3 Nov 2023 7:43:12 PM -- debug -- Signup with firebase for userId: 3
3 Nov 2023 7:43:15 PM -- debug -- Successfully signup in firebase for userId: 3
3 Nov 2023 7:43:15 PM -- debug -- Committing transactions to the database
3 Nov 2023 7:43:15 PM -- debug -- Admin user created successfully
3 Nov 2023 7:43:40 PM -- debug -- Request : POST /auth/user/signup
3 Nov 2023 7:43:40 PM -- debug -- User with email riyazshaikh7122001@gmail.com already registered
3 Nov 2023 7:43:44 PM -- debug -- Request : POST /auth/user/signup
3 Nov 2023 7:45:13 PM -- debug -- Request : POST /auth/user/signup
3 Nov 2023 7:45:13 PM -- debug -- Encrypting your password
3 Nov 2023 7:45:13 PM -- debug -- Your password encrypted successfully
3 Nov 2023 7:45:13 PM -- debug -- Signup with database for email: riyaz.s@osplabs.com
3 Nov 2023 7:45:13 PM -- debug -- Successfully signup in the database for email: riyaz.s@osplabs.com
3 Nov 2023 7:45:13 PM -- debug -- Signup with firebase for userId: 4
3 Nov 2023 7:45:14 PM -- debug -- Successfully signup in firebase for userId: 4
3 Nov 2023 7:45:14 PM -- debug -- Committing transactions to the database
3 Nov 2023 7:45:14 PM -- debug -- Admin user created successfully
3 Nov 2023 7:50:23 PM -- debug -- Received signal: SIGINT
