5 Nov 2023 11:19:25 AM -- debug -- Setting up listners for database connections cleanup if server terminated
5 Nov 2023 11:19:26 AM -- debug -- Authentication service started on port : 3000
5 Nov 2023 11:19:51 AM -- debug -- Request : POST /auth/admin/signup
5 Nov 2023 11:20:16 AM -- debug -- Encrypting your password
5 Nov 2023 11:20:27 AM -- debug -- Your password encrypted successfully
5 Nov 2023 11:20:28 AM -- debug -- Signup with database for email: riyaz.s@osplabs.com
5 Nov 2023 11:21:35 AM -- debug -- Setting up listners for database connections cleanup if server terminated
5 Nov 2023 11:21:36 AM -- debug -- Authentication service started on port : 3000
5 Nov 2023 11:22:11 AM -- debug -- Request : POST /auth/admin/signup
5 Nov 2023 11:22:23 AM -- debug -- Encrypting your password
5 Nov 2023 11:22:31 AM -- debug -- Your password encrypted successfully
5 Nov 2023 11:22:34 AM -- debug -- Signup with database for email: riyaz.s@osplabs.com
5 Nov 2023 11:43:41 AM -- debug -- Setting up listners for database connections cleanup if server terminated
5 Nov 2023 11:43:41 AM -- debug -- Authentication service started on port : 3000
5 Nov 2023 11:43:50 AM -- debug -- Request : POST /auth/admin/signup
5 Nov 2023 11:44:12 AM -- debug -- Encrypting your password
5 Nov 2023 11:44:22 AM -- debug -- Your password encrypted successfully
5 Nov 2023 11:44:23 AM -- debug -- Signup with database for email: riyaz.s@osplabs.com
5 Nov 2023 11:44:25 AM -- debug -- Successfully signup in the database for email: riyaz.s@osplabs.com
5 Nov 2023 11:44:35 AM -- debug -- Updating booking status for userId: 3
5 Nov 2023 11:44:47 AM -- debug -- updateUser
5 Nov 2023 11:44:50 AM -- debug -- Successfully updated the booking status
5 Nov 2023 11:44:52 AM -- debug -- Signup with firebase for userId: 3
5 Nov 2023 11:44:59 AM -- debug -- Successfully signup in firebase for userId: 3
5 Nov 2023 11:44:59 AM -- debug -- Committing transactions to the database
5 Nov 2023 11:44:59 AM -- debug -- Admin user created successfully
5 Nov 2023 11:44:59 AM -- debug -- signupResponse {
  "firstName": "Riyaz",
  "lastName": "Shaikh",
  "email": "riyaz.s@osplabs.com",
  "mobile": "1236547890",
  "roomNumber": "A/102",
  "address": "Naya Nagar",
  "role": 1
}
5 Nov 2023 11:53:9 AM -- debug -- Setting up listners for database connections cleanup if server terminated
5 Nov 2023 11:53:9 AM -- debug -- Authentication service started on port : 3000
5 Nov 2023 11:53:13 AM -- debug -- Request : POST /auth/admin/signup
5 Nov 2023 11:53:21 AM -- debug -- Encrypting your password
5 Nov 2023 11:53:21 AM -- debug -- Your password encrypted successfully
5 Nov 2023 11:53:21 AM -- debug -- Signup with database for email: riyaz.s@osplabs.com
5 Nov 2023 11:53 AM -- error -- Missing where attribute in the options parameter
5 Nov 2023 11:53:21 AM -- debug -- Successfully signup in the database for email: riyaz.s@osplabs.com
5 Nov 2023 11:53:21 AM -- debug -- Updating booking status for userId: 4
5 Nov 2023 11:53:24 AM -- debug -- Rolling back any database transactions
5 Nov 2023 11:54:3 AM -- debug -- Setting up listners for database connections cleanup if server terminated
5 Nov 2023 11:54:4 AM -- debug -- Authentication service started on port : 3000
5 Nov 2023 11:54:6 AM -- debug -- Request : POST /auth/admin/signup
5 Nov 2023 11:54:17 AM -- debug -- Encrypting your password
5 Nov 2023 11:54:17 AM -- debug -- Your password encrypted successfully
5 Nov 2023 11:54:17 AM -- debug -- Signup with database for email: riyaz.s@osplabs.com
5 Nov 2023 11:54 AM -- error -- Invalid value { model: User, where: { roomNumber: 'A/102', userId: 5 } }
5 Nov 2023 11:55:21 AM -- debug -- Setting up listners for database connections cleanup if server terminated
5 Nov 2023 11:55:21 AM -- debug -- Authentication service started on port : 3000
5 Nov 2023 11:55:30 AM -- debug -- Request : POST /auth/admin/signup
5 Nov 2023 11:55:38 AM -- debug -- Encrypting your password
5 Nov 2023 11:55:38 AM -- debug -- Your password encrypted successfully
5 Nov 2023 11:55:38 AM -- debug -- Signup with database for email: riyaz.s@osplabs.com
5 Nov 2023 11:55:38 AM -- debug -- Successfully signup in the database for email: riyaz.s@osplabs.com
5 Nov 2023 11:55:38 AM -- debug -- Updating booking status for userId: 6
5 Nov 2023 11:55:42 AM -- debug -- updateUser
5 Nov 2023 11:55:42 AM -- debug -- Successfully updated the booking status
5 Nov 2023 11:55:42 AM -- debug -- Signup with firebase for userId: 6
5 Nov 2023 11:55 AM -- error -- The email address is already in use by another account.
5 Nov 2023 11:55:57 AM -- debug -- Failed to signup in firebase
5 Nov 2023 11:55:57 AM -- debug -- Successfully signup in firebase for userId: 6
5 Nov 2023 11:55:57 AM -- debug -- Committing transactions to the database
5 Nov 2023 11:55:57 AM -- debug -- Admin user created successfully
5 Nov 2023 11:55:57 AM -- debug -- signupResponse {
  "firstName": "Riyaz",
  "lastName": "Shaikh",
  "email": "riyaz.s@osplabs.com",
  "mobile": "1236547890",
  "roomNumber": "A/102",
  "address": "Naya Nagar",
  "role": 1
}
5 Nov 2023 2:56:4 PM -- debug -- Setting up listners for database connections cleanup if server terminated
5 Nov 2023 2:56:6 PM -- debug -- Authentication service started on port : 3000
5 Nov 2023 2:56:58 PM -- debug -- Request : POST /auth/user/signup
5 Nov 2023 2:57:11 PM -- debug -- Request : POST /auth/user/signup
5 Nov 2023 2:57:27 PM -- debug -- Encrypting your password
5 Nov 2023 2:57:27 PM -- debug -- Your password encrypted successfully
5 Nov 2023 2:57:27 PM -- debug -- Signup with database for email: faiyazshaikh1904@gmail.com
5 Nov 2023 2:57:28 PM -- debug -- Successfully signup in the database for email: faiyazshaikh1904@gmail.com
5 Nov 2023 2:57:28 PM -- debug -- Signup with firebase for userId: 7
5 Nov 2023 2:57:44 PM -- debug -- Successfully signup in firebase for userId: 7
5 Nov 2023 2:57:44 PM -- debug -- Committing transactions to the database
5 Nov 2023 2:57:44 PM -- debug -- Admin user created successfully
5 Nov 2023 10:29:45 PM -- debug -- Setting up listners for database connections cleanup if server terminated
5 Nov 2023 10:29:57 PM -- debug -- Authentication service started on port : 3000
5 Nov 2023 10:30:29 PM -- debug -- Request : POST /auth/admin/signup
5 Nov 2023 10:30:49 PM -- debug -- Encrypting your password
5 Nov 2023 10:30:52 PM -- debug -- Your password encrypted successfully
5 Nov 2023 10:30:54 PM -- debug -- Signup with database for email: riyaz.s@osplabs.com
5 Nov 2023 10:31:1 PM -- debug -- Successfully signup in the database for email: riyaz.s@osplabs.com
5 Nov 2023 10:31:12 PM -- debug -- Updating booking status for userId: 1
5 Nov 2023 10:31:27 PM -- debug -- updateUser
5 Nov 2023 10:32:13 PM -- debug -- isAlloted: {
  "isAlloted": null,
  "roomNumber": "A/102"
}
5 Nov 2023 10:33:42 PM -- debug -- Setting up listners for database connections cleanup if server terminated
5 Nov 2023 10:33:42 PM -- debug -- Authentication service started on port : 3000
5 Nov 2023 10:33:47 PM -- debug -- Request : POST /auth/admin/signup
5 Nov 2023 10:33:53 PM -- debug -- Encrypting your password
5 Nov 2023 10:33:56 PM -- debug -- Your password encrypted successfully
5 Nov 2023 10:33:57 PM -- debug -- Signup with database for email: riyaz.s@osplabs.com
5 Nov 2023 10:34:0 PM -- debug -- Successfully signup in the database for email: riyaz.s@osplabs.com
5 Nov 2023 10:34:5 PM -- debug -- Updating booking status for userId: 2
5 Nov 2023 10:34:22 PM -- debug -- updateUser
5 Nov 2023 10:38:17 PM -- debug -- Setting up listners for database connections cleanup if server terminated
5 Nov 2023 10:38:18 PM -- debug -- Authentication service started on port : 3000
5 Nov 2023 10:38:22 PM -- debug -- Request : POST /auth/admin/signup
5 Nov 2023 10:38:54 PM -- debug -- Encrypting your password
5 Nov 2023 10:39:0 PM -- debug -- Your password encrypted successfully
5 Nov 2023 10:39:2 PM -- debug -- Signup with database for email: riyaz.s@osplabs.com
5 Nov 2023 10:39:6 PM -- debug -- Successfully signup in the database for email: riyaz.s@osplabs.com
5 Nov 2023 10:39:41 PM -- debug -- Updating booking status for userId: 3
5 Nov 2023 10:40:3 PM -- debug -- updatedRowsCount
5 Nov 2023 10:40:9 PM -- debug -- isAlloted: null
5 Nov 2023 10:40:27 PM -- debug -- Successfully updated the booking status
5 Nov 2023 10:40:27 PM -- debug -- Signup with firebase for userId: 3
5 Nov 2023 10:40 PM -- error -- The user with the provided uid already exists.
5 Nov 2023 10:40:36 PM -- debug -- Failed to signup in firebase
5 Nov 2023 10:40:38 PM -- debug -- Successfully signup in firebase for userId: 3
5 Nov 2023 10:40:39 PM -- debug -- Committing transactions to the database
5 Nov 2023 10:40:40 PM -- debug -- Admin user created successfully
5 Nov 2023 10:40:42 PM -- debug -- signupResponse {
  "firstName": "Riyaz",
  "lastName": "Shaikh",
  "email": "riyaz.s@osplabs.com",
  "mobile": "1236547890",
  "roomNumber": "A/102",
  "address": "Naya Nagar Mira Road",
  "role": 1,
  "isAlloted": null
}
